Listing of compilation of file /cygdrive/e/temp/maxima/src/defopt.lisp
on 2002-12-17 13:31:56 by CLISP, version 2.30 (released 2002-09-15) (built 3249143430) (memory 3249145291)
Compiling file /cygdrive/e/temp/maxima/src/defopt.lisp ...

Disassembly of function #:|(IN-PACKAGE "MAXIMA")-1|
(CONST 0) = "MAXIMA"
(CONST 1) = *PACKAGE*
0 required arguments
0 optional arguments
No rest parameter
No keyword parameters
writes special variable : (*PACKAGE*)
4 byte-code instructions:
0     (CONST&PUSH 0)                      ; "MAXIMA"
1     (CALLS1 228)                        ; SYSTEM::%FIND-PACKAGE
3     (SETVALUE 1)                        ; *PACKAGE*
5     (SKIP&RET 1)


Disassembly of function #:|(MACSYMA-MODULE DEFOPT MACRO)-2|
(CONST 0) = DEFOPT
(CONST 1) = MACSYMA-MODULE
(CONST 2) = (MACRO)
0 required arguments
0 optional arguments
No rest parameter
No keyword parameters
5 byte-code instructions:
0     (CONST&PUSH 0)                      ; DEFOPT
1     (CONST&PUSH 1)                      ; MACSYMA-MODULE
2     (CONST&PUSH 2)                      ; (MACRO)
3     (CALLS2 136)                        ; SYSTEM::%PUT
5     (SKIP&RET 1)


Disassembly of function #:|(DEFMACRO DEFOPT (NAME &REST OTHER) ...)-3|
(CONST 0) = DEFOPT
(CONST 1) = SYSTEM::REMOVE-OLD-DEFINITIONS
(CONST 2) = #<COMPILED-CLOSURE DEFOPT>
(CONST 3) = SYSTEM::MAKE-MACRO
0 required arguments
0 optional arguments
No rest parameter
No keyword parameters
8 byte-code instructions:
0     (CONST&PUSH 0)                      ; DEFOPT
1     (CALL1 1)                           ; SYSTEM::REMOVE-OLD-DEFINITIONS
3     (CONST&PUSH 0)                      ; DEFOPT
4     (CONST&PUSH 2)                      ; #<COMPILED-CLOSURE DEFOPT>
5     (CALL1&PUSH 3)                      ; SYSTEM::MAKE-MACRO
7     (CALLS2 130)                        ; SYSTEM::%PUTD
9     (CONST 0)                           ; DEFOPT
10    (SKIP&RET 1)


Disassembly of function DEFOPT
(CONST 0) = 2
(CONST 1) = SYSTEM::MACRO-CALL-ERROR
1 required argument
1 optional argument
No rest parameter
No keyword parameters
10 byte-code instructions:
0     (LOAD&PUSH 2)
1     (CALLS2&PUSH 71)                    ; LENGTH
3     (CONST&PUSH 0)                      ; 2
4     (CALLSR&JMPIF 1 47 L11)             ; <
8     (NIL)
9     (SKIP&RET 3)
11    L11
11    (LOAD&PUSH 2)
12    (CALL1 1)                           ; SYSTEM::MACRO-CALL-ERROR
14    (SKIP&RET 3)


Wrote file binary-clisp/defopt.fas
Wrote file /cygdrive/e/temp/maxima/src/defopt.lis