Listing of compilation of file /cygdrive/e/temp/maxima/src/desoln.lisp
on 2002-12-17 13:36:06 by CLISP, version 2.30 (released 2002-09-15) (built 3249143430) (memory 3249145291)
Compiling file /cygdrive/e/temp/maxima/src/desoln.lisp ...

Disassembly of function #:|(IN-PACKAGE "MAXIMA")-1|
(CONST 0) = "MAXIMA"
(CONST 1) = *PACKAGE*
0 required arguments
0 optional arguments
No rest parameter
No keyword parameters
writes special variable : (*PACKAGE*)
4 byte-code instructions:
0     (CONST&PUSH 0)                      ; "MAXIMA"
1     (CALLS1 228)                        ; SYSTEM::%FIND-PACKAGE
3     (SETVALUE 1)                        ; *PACKAGE*
5     (SKIP&RET 1)


Disassembly of function #:|(EVAL-WHEN (COMPILE EVAL LOAD) (DEFPROP $DESOLVE T ...) ...)-2-1|
(CONST 0) = $DESOLVE
(CONST 1) = TRANSLATED
0 required arguments
0 optional arguments
No rest parameter
No keyword parameters
6 byte-code instructions:
0     (CONST&PUSH 0)                      ; $DESOLVE
1     (CONST&PUSH 1)                      ; TRANSLATED
2     (T&PUSH)
3     (CALLS2 136)                        ; SYSTEM::%PUT
5     (VALUES0)
6     (SKIP&RET 1)


Disassembly of function #:|(EVAL-WHEN (COMPILE EVAL LOAD) (DEFPROP $DESOLVE T ...) ...)-2-2|
(CONST 0) = $DESOLVE
(CONST 1) = $PROPS
(CONST 2) = ADD2LNC
0 required arguments
0 optional arguments
No rest parameter
No keyword parameters
reads special variable: ($PROPS)
5 byte-code instructions:
0     (CONST&PUSH 0)                      ; $DESOLVE
1     (GETVALUE&PUSH 1)                   ; $PROPS
3     (CALL2 2)                           ; ADD2LNC
5     (VALUES0)
6     (SKIP&RET 1)


Disassembly of function #:|(EVAL-WHEN (COMPILE EVAL LOAD) (DEFPROP $DESOLVE T ...) ...)-2-3-1|
(CONST 0) = $DESOLVE
(CONST 1) = TRANSLATE
0 required arguments
0 optional arguments
No rest parameter
No keyword parameters
5 byte-code instructions:
0     (CONST&PUSH 0)                      ; $DESOLVE
1     (CONST&PUSH 1)                      ; TRANSLATE
2     (CALLS2 137)                        ; REMPROP
4     (VALUES0)
5     (SKIP&RET 1)


Disassembly of function #:|(EVAL-WHEN (COMPILE EVAL LOAD) (DEFPROP $DESOLVE T ...) ...)-2-3-2|
(CONST 0) = $DESOLVE
(CONST 1) = FUNCTION-MODE
(CONST 2) = $ANY
0 required arguments
0 optional arguments
No rest parameter
No keyword parameters
6 byte-code instructions:
0     (CONST&PUSH 0)                      ; $DESOLVE
1     (CONST&PUSH 1)                      ; FUNCTION-MODE
2     (CONST&PUSH 2)                      ; $ANY
3     (CALLS2 136)                        ; SYSTEM::%PUT
5     (VALUES0)
6     (SKIP&RET 1)


Disassembly of function #:|(EVAL-WHEN (COMPILE EVAL LOAD) (DEFPROP $DESOLVE T ...) ...)-2-3-3|
(CONST 0) = :MACSYMA
(CONST 1) = *FEATURES*
(CONST 2) = $DESOLVE
(CONST 3) = $FIXED_NUM_ARGS_FUNCTION
(CONST 4) = MPUTPROP
0 required arguments
0 optional arguments
No rest parameter
No keyword parameters
reads special variable: (*FEATURES*)
11 byte-code instructions:
0     (CONST&PUSH 0)                      ; :MACSYMA
1     (GETVALUE&PUSH 1)                   ; *FEATURES*
3     (PUSH-UNBOUND 3)
5     (CALLS1&JMPIFNOT 180 L14)           ; MEMBER
8     (CONST&PUSH 2)                      ; $DESOLVE
9     (T&PUSH)
10    (CONST&PUSH 3)                      ; $FIXED_NUM_ARGS_FUNCTION
11    (CALL 3 4)                          ; MPUTPROP
14    L14
14    (VALUES0)
15    (SKIP&RET 1)


Disassembly of function #:|(EVAL-WHEN (COMPILE EVAL LOAD) (DEFPROP $DESOLVE T ...) ...)-2-3-5|
(CONST 0) = $DESOLVE
(CONST 1) = SYSTEM::REMOVE-OLD-DEFINITIONS
(CONST 2) = #<COMPILED-CLOSURE $DESOLVE>
0 required arguments
0 optional arguments
No rest parameter
No keyword parameters
7 byte-code instructions:
0     (CONST&PUSH 0)                      ; $DESOLVE
1     (CALL1 1)                           ; SYSTEM::REMOVE-OLD-DEFINITIONS
3     (CONST&PUSH 0)                      ; $DESOLVE
4     (CONST&PUSH 2)                      ; #<COMPILED-CLOSURE $DESOLVE>
5     (CALLS2 130)                        ; SYSTEM::%PUTD
7     (CONST 0)                           ; $DESOLVE
8     (SKIP&RET 1)


Disassembly of function $DESOLVE
(CONST 0) = $TEQNS
(CONST 1) = $TVARS
(CONST 2) = $OVAR
(CONST 3) = $FLAG
(CONST 4) = $DISPFLAG
(CONST 5) = $LISTP
(CONST 6) = (MLIST)
(CONST 7) = (MLIST)
(CONST 8) = 1
(CONST 9) = MAREF1
(CONST 10) = $LENGTH
(CONST 11) = |&contains more than one independent variable.|
(CONST 12) = $ERROR
(CONST 13) = SIMPLIFY
(CONST 14) = $INPART
(CONST 15) = #<COMPILED-CLOSURE $DESOLVE-1>
(CONST 16) = GETOPR
(CONST 17) = MAP1
(CONST 18) = #<COMPILED-CLOSURE $DESOLVE-2>
(CONST 19) = BINDLIST
(CONST 20) = LOCLIST
(CONST 21) = ERRCATCH
(CONST 22) = #(NIL)
(CONST 23) = (#(ERROR 118) 1 . 1)
(CONST 24) = $SOLVE
(CONST 25) = E
(CONST 26) = ERRSET
(CONST 27) = ERRLFUN1
(CONST 28) = (MLIST)
(CONST 29) = ((MLIST))
(CONST 30) = LIKE
(CONST 31) = (MLIST)
(CONST 32) = ((MLIST))
(CONST 33) = |&DESOLVE can't handle this case.|
(CONST 34) = $FIRST
(CONST 35) = #<COMPILED-CLOSURE $DESOLVE-3>
2 required arguments
0 optional arguments
No rest parameter
No keyword parameters
reads special variables: (ERRCATCH ERRSET E LOCLIST BINDLIST)
writes special variable : ($DISPFLAG)
144 byte-code instructions:
0     (NIL)
1     (MAKE-VECTOR1&PUSH 1)
3     (CONST&PUSH 0)                      ; $TEQNS
4     (CONST&PUSH 1)                      ; $TVARS
5     (CONST 2)                           ; $OVAR
6     (STOREC 2 0)
9     (CONST&PUSH 3)                      ; $FLAG
10    (CONST 4)                           ; $DISPFLAG
11    (BIND 4)                            ; $DISPFLAG
13    (NIL&STORE 3)
15    (LOAD&PUSH 8)
16    (CALL1&JMPIF 5 L33)                 ; $LISTP
19    (CONST&PUSH 6)                      ; (MLIST)
20    (LOAD&PUSH 10)
21    (LIST 2)
23    (STORE 9)
25    (CONST&PUSH 7)                      ; (MLIST)
26    (LOAD&PUSH 9)
27    (LIST 2)
29    (STORE 8)
31    (T&STORE 3)
33    L33
33    (LOAD&PUSH 8)
34    (CONST&PUSH 8)                      ; 1
35    (CALL2 9)                           ; MAREF1
37    (STOREC 6 0)
40    (PUSH)
41    (CALL1&PUSH 10)                     ; $LENGTH
43    (JMPIFEQTO 8 L54)                   ; 1
46    (LOADC&PUSH 6 0)
49    (CONST&PUSH 11)                     ; |&contains more than one independent variable.|
50    (CALL2&PUSH 12)                     ; $ERROR
52    (CALL1 13)                          ; SIMPLIFY
54    L54
54    (LOADC&PUSH 6 0)
57    (CONST&PUSH 8)                      ; 1
58    (CALL2&PUSH 14)                     ; $INPART
60    (CALL1 13)                          ; SIMPLIFY
62    (STOREC 6 0)
65    (NIL)
66    (SETVALUE 4)                        ; $DISPFLAG
68    (LOAD&PUSH 6)
69    (COPY-CLOSURE&PUSH 15 1)            ; #<COMPILED-CLOSURE $DESOLVE-1>
72    (CALL1&PUSH 16)                     ; GETOPR
74    (LOAD&PUSH 10)
75    (CALL2&PUSH 17)                     ; MAP1
77    (CALL1 13)                          ; SIMPLIFY
79    (STORE 5)
80    (LOAD&PUSH 6)
81    (COPY-CLOSURE&PUSH 18 1)            ; #<COMPILED-CLOSURE $DESOLVE-2>
84    (CALL1&PUSH 16)                     ; GETOPR
86    (LOAD&PUSH 9)
87    (CALL2&PUSH 17)                     ; MAP1
89    (CALL1 13)                          ; SIMPLIFY
91    (STORE 4)
92    (GETVALUE&PUSH 19)                  ; BINDLIST
94    (GETVALUE 20)                       ; LOCLIST
96    (CONS)
97    (BIND 21)                           ; ERRCATCH
99    (PUSH-NIL 2)
101   (TAGBODY-OPEN 22 L149)              ; #(NIL)
104   (HANDLER-OPEN 23 L118)              ; (#(ERROR 118) 1 . 1)
106   (LOAD&PUSH 18)
107   (LOAD&PUSH 18)
108   (CALL2&PUSH 24)                     ; $SOLVE
110   (CALL1&PUSH 13)                     ; SIMPLIFY
112   (LIST 1)
114   (SKIP 4)
116   (JMP L157)
118   L118
118   (HANDLER-BEGIN&PUSH)
119   (LOAD 0)
120   (STOREI 0 0 4)
124   (GO-I 0 0 2 0)
129   L129
129   (GETVALUE&PUSH 25)                  ; E
131   (CALLSR 0 29)                       ; ERROR
134   L134
134   (CONST&PUSH 33)                     ; |&DESOLVE can't handle this case.|
136   (CALL1&PUSH 12)                     ; $ERROR
138   (CALL1 13)                          ; SIMPLIFY
140   (JMP L195)
142   L142
142   (LOAD&PUSH 5)
143   (CONST&PUSH 8)                      ; 1
144   (CALL2 9)                           ; MAREF1
146   (JMP L229)
149   L149
149   (LOAD 4)
150   (BIND 25)                           ; E
152   (GETVALUE 26)                       ; ERRSET
154   (JMPIF L129)
156   (UNBIND1)
157   L157
157   (TAGBODY-CLOSE)
158   (SKIP 1)
160   (STORE 0)
161   (JMPIF L167)
163   (GETVALUE&PUSH 21)                  ; ERRCATCH
165   (CALL1 27)                          ; ERRLFUN1
167   L167
167   (CONST&PUSH 28)                     ; (MLIST)
168   (LOAD 1)
169   (CONS)
170   (SKIP 1)
172   (UNBIND1)
173   (STORE 5)
174   (PUSH)
175   (CONST&PUSH 29)                     ; ((MLIST))
176   (CALL2&JMPIF 30 L134)               ; LIKE
179   (LOAD&PUSH 5)
180   (CONST&PUSH 31)                     ; (MLIST)
182   (CONST&PUSH 32)                     ; ((MLIST))
184   (LIST&PUSH 2)
186   (CALL2&JMPIF 30 L134)               ; LIKE
189   (LOAD&PUSH 5)
190   (CALL1&PUSH 34)                     ; $FIRST
192   (CALL1 13)                          ; SIMPLIFY
194   (STORE 5)
195   L195
195   (LOAD&PUSH 3)
196   (T&PUSH)
197   (CALL2&JMPIF 30 L206)               ; LIKE
200   (LOAD&PUSH 5)
201   (CALL1&PUSH 34)                     ; $FIRST
203   (CALL1 13)                          ; SIMPLIFY
205   (STORE 5)
206   L206
206   (LOAD&PUSH 6)
207   (COPY-CLOSURE&PUSH 35 1)            ; #<COMPILED-CLOSURE $DESOLVE-3>
210   (CALL1&PUSH 16)                     ; GETOPR
212   (LOAD&PUSH 6)
213   (CALL2&PUSH 17)                     ; MAP1
215   (CALL1 13)                          ; SIMPLIFY
217   (STORE 5)
218   (LOAD&JMPIFNOT 3 L228)
221   (LOAD&PUSH 4)
222   (CALL1&PUSH 10)                     ; $LENGTH
224   (JMPIFEQTO 8 L142)                  ; 1
228   L228
228   (LOAD 5)
229   L229
229   (UNBIND1)
230   (SKIP&RET 7)


Disassembly of function $DESOLVE-1
(CONST 0) = NIL
(CONST 1) = $Z
(CONST 2) = $LVAR
(CONST 3) = $LAPLACE
(CONST 4) = SIMPLIFY
1 required argument
0 optional arguments
No rest parameter
No keyword parameters
reads special variable: ($Z)
9 byte-code instructions:
0     (LOAD 1)
1     (BIND 1)                            ; $Z
3     (GETVALUE&PUSH 1)                   ; $Z
5     (LOADV&PUSH 0 1)
8     (CONST&PUSH 2)                      ; $LVAR
9     (CALL&PUSH 3 3)                     ; $LAPLACE
12    (CALL1 4)                           ; SIMPLIFY
14    (UNBIND1)
15    (SKIP&RET 2)


Disassembly of function $DESOLVE-2
(CONST 0) = NIL
(CONST 1) = $Z
(CONST 2) = (%LAPLACE)
(CONST 3) = $LVAR
(CONST 4) = SIMPLIFY
1 required argument
0 optional arguments
No rest parameter
No keyword parameters
reads special variable: ($Z)
10 byte-code instructions:
0     (LOAD 1)
1     (BIND 1)                            ; $Z
3     (CONST&PUSH 2)                      ; (%LAPLACE)
4     (GETVALUE&PUSH 1)                   ; $Z
6     (LOADV&PUSH 0 1)
9     (CONST&PUSH 3)                      ; $LVAR
10    (LIST&PUSH 4)
12    (CALL1 4)                           ; SIMPLIFY
14    (UNBIND1)
15    (SKIP&RET 2)


Disassembly of function $DESOLVE-3
(CONST 0) = NIL
(CONST 1) = $Z
(CONST 2) = $LVAR
(CONST 3) = $ILT
(CONST 4) = SIMPLIFY
1 required argument
0 optional arguments
No rest parameter
No keyword parameters
reads special variable: ($Z)
9 byte-code instructions:
0     (LOAD 1)
1     (BIND 1)                            ; $Z
3     (GETVALUE&PUSH 1)                   ; $Z
5     (CONST&PUSH 2)                      ; $LVAR
6     (LOADV&PUSH 0 1)
9     (CALL&PUSH 3 3)                     ; $ILT
12    (CALL1 4)                           ; SIMPLIFY
14    (UNBIND1)
15    (SKIP&RET 2)


Wrote file binary-clisp/desoln.fas
Wrote file /cygdrive/e/temp/maxima/src/desoln.lis