Listing of compilation of file /cygdrive/e/temp/maxima/src/generr.lisp
on 2002-12-17 13:31:53 by CLISP, version 2.30 (released 2002-09-15) (built 3249143430) (memory 3249145291)
Compiling file /cygdrive/e/temp/maxima/src/generr.lisp ...

Disassembly of function #:|(IN-PACKAGE "MAXIMA")-1|
(CONST 0) = "MAXIMA"
(CONST 1) = *PACKAGE*
0 required arguments
0 optional arguments
No rest parameter
No keyword parameters
writes special variable : (*PACKAGE*)
4 byte-code instructions:
0     (CONST&PUSH 0)                      ; "MAXIMA"
1     (CALLS1 228)                        ; SYSTEM::%FIND-PACKAGE
3     (SETVALUE 1)                        ; *PACKAGE*
5     (SKIP&RET 1)


Disassembly of function #:|(DEFVAR ERRSET NIL)-2|
(CONST 0) = (SPECIAL ERRSET)
(CONST 1) = ERRSET
0 required arguments
0 optional arguments
No rest parameter
No keyword parameters
10 byte-code instructions:
0     (CONST&PUSH 0)                      ; (SPECIAL ERRSET)
1     (CALLS1 90)                         ; PROCLAIM
3     (CONST&PUSH 1)                      ; ERRSET
4     (CALLS1&JMPIF 79 L11)               ; BOUNDP
7     (CONST&PUSH 1)                      ; ERRSET
8     (NIL&PUSH)
9     (CALLS1 82)                         ; SYSTEM::SET-SYMBOL-VALUE
11    L11
11    (CONST 1)                           ; ERRSET
12    (SKIP&RET 1)


Disassembly of function #:|(DEFMACRO ERRSET (&REST L) ...)-3|
(CONST 0) = ERRSET
(CONST 1) = SYSTEM::REMOVE-OLD-DEFINITIONS
(CONST 2) = #<COMPILED-CLOSURE ERRSET>
(CONST 3) = SYSTEM::MAKE-MACRO
0 required arguments
0 optional arguments
No rest parameter
No keyword parameters
8 byte-code instructions:
0     (CONST&PUSH 0)                      ; ERRSET
1     (CALL1 1)                           ; SYSTEM::REMOVE-OLD-DEFINITIONS
3     (CONST&PUSH 0)                      ; ERRSET
4     (CONST&PUSH 2)                      ; #<COMPILED-CLOSURE ERRSET>
5     (CALL1&PUSH 3)                      ; SYSTEM::MAKE-MACRO
7     (CALLS2 130)                        ; SYSTEM::%PUTD
9     (CONST 0)                           ; ERRSET
10    (SKIP&RET 1)


Disassembly of function ERRSET
(CONST 0) = HANDLER-CASE
(CONST 1) = LIST
(CONST 2) = ((ERROR (E) (WHEN ERRSET (ERROR E))))
1 required argument
1 optional argument
No rest parameter
No keyword parameters
8 byte-code instructions:
0     (LOAD&CDR&PUSH 2)
2     (CONST&PUSH 0)                      ; HANDLER-CASE
3     (CONST&PUSH 1)                      ; LIST
4     (LOAD&CAR&PUSH 2)
6     (LIST&PUSH 2)
8     (CONST 2)                           ; ((ERROR (E) (WHEN ERRSET #)))
9     (LIST* 2)
11    (SKIP&RET 4)


Wrote file binary-clisp/generr.fas
Wrote file /cygdrive/e/temp/maxima/src/generr.lis