Listing of compilation of file /cygdrive/e/temp/maxima/src/ldisp.lisp
on 2002-12-17 13:34:22 by CLISP, version 2.30 (released 2002-09-15) (built 3249143430) (memory 3249145291)
Compiling file /cygdrive/e/temp/maxima/src/ldisp.lisp ...

Disassembly of function #:|(IN-PACKAGE "MAXIMA")-1|
(CONST 0) = "MAXIMA"
(CONST 1) = *PACKAGE*
0 required arguments
0 optional arguments
No rest parameter
No keyword parameters
writes special variable : (*PACKAGE*)
4 byte-code instructions:
0     (CONST&PUSH 0)                      ; "MAXIMA"
1     (CALLS1 228)                        ; SYSTEM::%FIND-PACKAGE
3     (SETVALUE 1)                        ; *PACKAGE*
5     (SKIP&RET 1)


Disassembly of function #:|(DECLARE-TOP (*EXPR MSTRING STRIPDOLLAR) (SPECIAL LINEAR-DISPLAY-BREAK-TABLE FORTRANP))-2|
0 required arguments
0 optional arguments
No rest parameter
No keyword parameters
2 byte-code instructions:
0     (NIL)
1     (SKIP&RET 1)


Disassembly of function #:|(DEFUN LINEAR-DISPLA (X) ...)-3|
(CONST 0) = LINEAR-DISPLA
(CONST 1) = SYSTEM::REMOVE-OLD-DEFINITIONS
(CONST 2) = #<COMPILED-CLOSURE LINEAR-DISPLA>
0 required arguments
0 optional arguments
No rest parameter
No keyword parameters
7 byte-code instructions:
0     (CONST&PUSH 0)                      ; LINEAR-DISPLA
1     (CALL1 1)                           ; SYSTEM::REMOVE-OLD-DEFINITIONS
3     (CONST&PUSH 0)                      ; LINEAR-DISPLA
4     (CONST&PUSH 2)                      ; #<COMPILED-CLOSURE LINEAR-DISPLA>
5     (CALLS2 130)                        ; SYSTEM::%PUTD
7     (CONST 0)                           ; LINEAR-DISPLA
8     (SKIP&RET 1)


Disassembly of function LINEAR-DISPLA
(CONST 0) = X
(CONST 1) = *STANDARD-OUTPUT*
(CONST 2) = MLABLE
(CONST 3) = 0
(CONST 4) = CHRPS
(CONST 5) = "("
(CONST 6) = 3
(CONST 7) = MGRIND
(CONST 8) = ") "
(CONST 9) = MPAREN
(CONST 10) = MSIZE
(CONST 11) = MPRINT
(CONST 12) = MTEXT
(CONST 13) = FORTRANP
1 required argument
0 optional arguments
No rest parameter
No keyword parameters
reads special variables: (X *STANDARD-OUTPUT*)
writes special variables : (X FORTRANP CHRPS)
82 byte-code instructions:
0     (LOAD 1)
1     (BIND 0)                            ; X
3     (GETVALUE&PUSH 1)                   ; *STANDARD-OUTPUT*
5     (CALLS1 140)                        ; FRESH-LINE
7     (GETVALUE 0)                        ; X
9     (JMPIFATOM L26)
11    (GETVALUE 0)                        ; X
13    (CAR)
14    (CAR&PUSH)
15    (JMPIFEQTO 2 L39)                   ; MLABLE
18    (GETVALUE 0)                        ; X
20    (CAR)
21    (CAR&PUSH)
22    (JMPIFEQTO 12 L91)                  ; MTEXT
26    L26
26    (GETVALUE&PUSH 0)                   ; X
28    (GETVALUE&PUSH 1)                   ; *STANDARD-OUTPUT*
30    (CALL2 7)                           ; MGRIND
32    L32
32    (PUSH-UNBOUND 1)
34    (CALLS1 139)                        ; TERPRI
36    (UNBIND1)
37    (SKIP&RET 2)
39    L39
39    (CONST 3)                           ; 0
40    (SETVALUE 4)                        ; CHRPS
42    (GETVALUE 0)                        ; X
44    (CDR)
45    (CAR)
46    (JMPIFNOT L73)
48    (CONST&PUSH 5)                      ; "("
49    (PUSH-UNBOUND 1)
51    (CALLS1 132)                        ; PRINC
53    (CONST&PUSH 6)                      ; 3
54    (GETVALUE 0)                        ; X
56    (CDR)
57    (CAR&PUSH)
58    (NIL&PUSH)
59    (CALL2&PUSH 7)                      ; MGRIND
61    (CALLS2&PUSH 71)                    ; LENGTH
63    (CALLSR 2 53)                       ; +
66    (SETVALUE 4)                        ; CHRPS
68    (CONST&PUSH 8)                      ; ") "
69    (PUSH-UNBOUND 1)
71    (CALLS1 132)                        ; PRINC
73    L73
73    (GETVALUE 0)                        ; X
75    (CDR)
76    (CDR)
77    (CAR&PUSH)
78    (PUSH-NIL 2)
80    (CONST&PUSH 9)                      ; MPAREN
81    (CONST&PUSH 9)                      ; MPAREN
82    (CALL&PUSH 5 10)                    ; MSIZE
85    (GETVALUE&PUSH 1)                   ; *STANDARD-OUTPUT*
87    (CALL2 11)                          ; MPRINT
89    (JMP L32)
91    L91
91    (GETVALUE 0)                        ; X
93    (CDR)
94    (BIND 0)                            ; X
96    (NIL)
97    (BIND 13)                           ; FORTRANP
99    (GETVALUE 0)                        ; X
101   (JMPIFNOT L126)
103   L103
103   (GETVALUE 0)                        ; X
105   (CAR&PUSH)
106   (CALLS2 5)                          ; ATOM
108   (SETVALUE 13)                       ; FORTRANP
110   (GETVALUE 0)                        ; X
112   (CAR&PUSH)
113   (GETVALUE&PUSH 1)                   ; *STANDARD-OUTPUT*
115   (CALL2 7)                           ; MGRIND
117   (GETVALUE 0)                        ; X
119   (CDR)
120   (SETVALUE 0)                        ; X
122   (GETVALUE 0)                        ; X
124   (JMPIF L103)
126   L126
126   (UNBIND 2)
128   (JMP L32)


Wrote file binary-clisp/ldisp.fas
Wrote file /cygdrive/e/temp/maxima/src/ldisp.lis