Listing of compilation of file /cygdrive/e/temp/maxima/src/misc.lisp
on 2002-12-17 13:32:09 by CLISP, version 2.30 (released 2002-09-15) (built 3249143430) (memory 3249145291)
Compiling file /cygdrive/e/temp/maxima/src/misc.lisp ...

Disassembly of function #:|(IN-PACKAGE "MAXIMA")-1|
(CONST 0) = "MAXIMA"
(CONST 1) = *PACKAGE*
0 required arguments
0 optional arguments
No rest parameter
No keyword parameters
writes special variable : (*PACKAGE*)
4 byte-code instructions:
0     (CONST&PUSH 0)                      ; "MAXIMA"
1     (CALLS1 228)                        ; SYSTEM::%FIND-PACKAGE
3     (SETVALUE 1)                        ; *PACKAGE*
5     (SKIP&RET 1)


Disassembly of function #:|(DEFUN *REARRAY (ARRAY-SYMBOL &OPTIONAL IGN ...) ...)-2|
(CONST 0) = *REARRAY
(CONST 1) = SYSTEM::REMOVE-OLD-DEFINITIONS
(CONST 2) = #<COMPILED-CLOSURE *REARRAY>
0 required arguments
0 optional arguments
No rest parameter
No keyword parameters
7 byte-code instructions:
0     (CONST&PUSH 0)                      ; *REARRAY
1     (CALL1 1)                           ; SYSTEM::REMOVE-OLD-DEFINITIONS
3     (CONST&PUSH 0)                      ; *REARRAY
4     (CONST&PUSH 2)                      ; #<COMPILED-CLOSURE *REARRAY>
5     (CALLS2 130)                        ; SYSTEM::%PUTD
7     (CONST 0)                           ; *REARRAY
8     (SKIP&RET 1)


Disassembly of function *REARRAY
(CONST 0) = #(NIL)
(CONST 1) = :NAME
(CONST 2) = COMMON-LISP:CONTINUE
(CONST 3) = :INVOKE-FUNCTION
(CONST 4) = #<COMPILED-CLOSURE *REARRAY-1>
(CONST 5) = :REPORT
(CONST 6) = SYSTEM::REPORT-NEW-VALUE
(CONST 7) = :INTERACTIVE
(CONST 8) = SYSTEM::ASSERT-RESTART-PROMPT
(CONST 9) = SYSTEM::MAKE-RESTART
(CONST 10) = SYSTEM::*ACTIVE-RESTARTS*
(CONST 11) = SYSTEM::*CONDITION-RESTARTS*
(CONST 12) = (#(CONDITION 3) 1 . 1)
(CONST 13) = SYSTEM::ADD-CONDITION-RESTARTS
(CONST 14) = SIGNAL
(CONST 15) = "a symbol or an array"
(CONST 16) = 1
(CONST 17) = ARRAY-DIMENSION-N
(CONST 18) = 0
(CONST 19) = "Can't handle *REARRAY with more than one dimension"
1 required argument
1 optional argument
Rest parameter
No keyword parameters
reads special variables: (SYSTEM::*CONDITION-RESTARTS* SYSTEM::*ACTIVE-RESTARTS*)
109 byte-code instructions:
0     (JMP L148)
3     L3
3     (HANDLER-BEGIN&PUSH)
4     (LOAD&PUSH 0)
5     (LOADI&PUSH 0 0 6)
9     (CALL2 13)                          ; SYSTEM::ADD-CONDITION-RESTARTS
11    (LOAD&PUSH 0)
12    (CALL1 14)                          ; SIGNAL
14    (SKIPSP 2 1)
17    (SKIP&RET 2)
19    L19
19    (NIL)
20    (MAKE-VECTOR1&PUSH 1)
22    (NIL)
23    (STOREC 0 0)
26    (TAGBODY-OPEN 0 L134)               ; #(NIL)
30    (CONST&PUSH 1)                      ; :NAME
31    (CONST&PUSH 2)                      ; COMMON-LISP:CONTINUE
32    (CONST&PUSH 3)                      ; :INVOKE-FUNCTION
33    (LOAD&PUSH 7)
34    (LOAD&PUSH 6)
35    (COPY-CLOSURE&PUSH 4 2)             ; #<COMPILED-CLOSURE *REARRAY-1>
38    (CONST&PUSH 5)                      ; :REPORT
39    (CONST&SYMBOL-FUNCTION&PUSH 6)      ; SYSTEM::REPORT-NEW-VALUE
41    (CONST&PUSH 7)                      ; :INTERACTIVE
42    (CONST&SYMBOL-FUNCTION&PUSH 8)      ; SYSTEM::ASSERT-RESTART-PROMPT
44    (CALL&PUSH 8 9)                     ; SYSTEM::MAKE-RESTART
47    (LIST&PUSH 1)
49    (LOAD&PUSH 0)
50    (GETVALUE&PUSH 10)                  ; SYSTEM::*ACTIVE-RESTARTS*
52    (CALLSR 2 34)                       ; APPEND
55    (BIND 10)                           ; SYSTEM::*ACTIVE-RESTARTS*
57    (GETVALUE 11)                       ; SYSTEM::*CONDITION-RESTARTS*
59    (BIND 11)                           ; SYSTEM::*CONDITION-RESTARTS*
61    (HANDLER-OPEN 12 L3)                ; (#(CONDITION 3) 1 . 1)
63    (CONST 15)                          ; "a symbol or an array"
64    (JMP L167)
67    L67
67    (LOAD&PUSH 3)
68    (CALLS1 78)                         ; SYMBOL-VALUE
70    (JMP L77)
72    L72
72    (LOAD&PUSH 3)
73    (CALLS2&JMPIF 6 L67)                ; SYMBOLP
76    (LOAD 3)
77    L77
77    (PUSH)
78    (LOAD&CAR&PUSH 2)
80    (PUSH-UNBOUND 7)
82    (CALLS1&PUSH 29)                    ; MAKE-ARRAY
84    (NIL&PUSH)
85    (CONST&PUSH 16)                     ; 1
86    (LOAD&PUSH 3)
87    (CALL2&PUSH 17)                     ; ARRAY-DIMENSION-N
89    (CONST&PUSH 16)                     ; 1
90    (LOAD&PUSH 3)
91    (CALL2&PUSH 17)                     ; ARRAY-DIMENSION-N
93    (CALLSR&STORE 1 52 0)               ; MIN
97    (CONST&PUSH 18)                     ; 0
98    (JMP L115)
100   L100
100   (LOAD&PUSH 3)
101   (LOAD&PUSH 1)
102   (CALLSR&PUSH 1 1)                   ; AREF
105   (LOAD&PUSH 3)
106   (LOAD&PUSH 2)
107   (LOAD&PUSH 2)
108   (CALLSR 1 2)                        ; SYSTEM::STORE
111   (SKIP 1)
113   (LOAD&INC&STORE 0)
115   L115
115   (LOAD&PUSH 0)
116   (LOAD&PUSH 2)
117   (CALLSR&JMPIFNOT 1 45 L100)         ; =
121   (SKIP 1)
123   (LOAD&PUSH 6)
124   (CALLS2&JMPIFNOT 6 L131)            ; SYMBOLP
127   (LOAD&PUSH 6)
128   (LOAD&PUSH 2)
129   (CALLS1 82)                         ; SYSTEM::SET-SYMBOL-VALUE
131   L131
131   (LOAD 1)
132   (SKIP&RET 7)
134   L134
134   (LOADC 4 0)
137   (UNLIST 1 0)
140   (LOAD 0)
141   (STORE 9)
143   (SKIP 1)
145   (TAGBODY-CLOSE)
146   (SKIP 1)
148   L148
148   (LOAD&PUSH 3)
149   (CALLS2&JMPIF 6 L157)               ; SYMBOLP
152   (LOAD&PUSH 3)
153   (CALLS2&JMPIFNOT 32 L19)            ; ARRAYP
157   L157
157   (LOAD 1)
158   (NOT)
159   (JMPIF1 L171)
161   (LOAD 1)
162   (CDR)
163   (JMPIFNOT L72)
166   (CONST 19)                          ; "Can't handle *REARRAY with more than one dimension"
167   L167
167   (PUSH)
168   (CALLSR 0 29)                       ; ERROR
171   L171
171   (SKIP&RET 4)


Disassembly of function *REARRAY-1
(CONST 0) = NIL
(CONST 1) = NIL
0 required arguments
0 optional arguments
Rest parameter
No keyword parameters
3 byte-code instructions:
0     (LOAD 1)
1     (STOREV 0 1)
4     (GO 1 0)


Disassembly of function #:|(DEFUN RUNTIME NIL ...)-3|
(CONST 0) = RUNTIME
(CONST 1) = SYSTEM::REMOVE-OLD-DEFINITIONS
(CONST 2) = #<COMPILED-CLOSURE RUNTIME>
0 required arguments
0 optional arguments
No rest parameter
No keyword parameters
7 byte-code instructions:
0     (CONST&PUSH 0)                      ; RUNTIME
1     (CALL1 1)                           ; SYSTEM::REMOVE-OLD-DEFINITIONS
3     (CONST&PUSH 0)                      ; RUNTIME
4     (CONST&PUSH 2)                      ; #<COMPILED-CLOSURE RUNTIME>
5     (CALLS2 130)                        ; SYSTEM::%PUTD
7     (CONST 0)                           ; RUNTIME
8     (SKIP&RET 1)


Disassembly of function RUNTIME
0 required arguments
0 optional arguments
No rest parameter
No keyword parameters
2 byte-code instructions:
0     (CALLS1 199)                        ; GET-INTERNAL-RUN-TIME
2     (SKIP&RET 1)


Wrote file binary-clisp/misc.fas
Wrote file /cygdrive/e/temp/maxima/src/misc.lis