Listing of compilation of file /cygdrive/e/temp/maxima/src/ratpoi.lisp
on 2002-12-17 13:36:01 by CLISP, version 2.30 (released 2002-09-15) (built 3249143430) (memory 3249145291)
Compiling file /cygdrive/e/temp/maxima/src/ratpoi.lisp ...

Disassembly of function #:|(IN-PACKAGE "MAXIMA")-1|
(CONST 0) = "MAXIMA"
(CONST 1) = *PACKAGE*
0 required arguments
0 optional arguments
No rest parameter
No keyword parameters
writes special variable : (*PACKAGE*)
4 byte-code instructions:
0     (CONST&PUSH 0)                      ; "MAXIMA"
1     (CALLS1 228)                        ; SYSTEM::%FIND-PACKAGE
3     (SETVALUE 1)                        ; *PACKAGE*
5     (SKIP&RET 1)


Disassembly of function #:|(MACSYMA-MODULE RATPOI)-2|
(CONST 0) = RATPOI
(CONST 1) = MACSYMA-MODULE
(CONST 2) = (RUNTIME)
0 required arguments
0 optional arguments
No rest parameter
No keyword parameters
5 byte-code instructions:
0     (CONST&PUSH 0)                      ; RATPOI
1     (CONST&PUSH 1)                      ; MACSYMA-MODULE
2     (CONST&PUSH 2)                      ; (RUNTIME)
3     (CALLS2 136)                        ; SYSTEM::%PUT
5     (SKIP&RET 1)


Disassembly of function #:|(DECLARE-TOP (SPECIAL $RATVARS POISCOM1 ...))-3|
0 required arguments
0 optional arguments
No rest parameter
No keyword parameters
2 byte-code instructions:
0     (NIL)
1     (SKIP&RET 1)


Disassembly of function #:|(DECLARE-TOP (SPECIAL $GCDOFF $RATEXPAND ...))-4|
0 required arguments
0 optional arguments
No rest parameter
No keyword parameters
2 byte-code instructions:
0     (NIL)
1     (SKIP&RET 1)


Disassembly of function #:|(SETQ POISCO1 '(1 . 1) ...)-5|
(CONST 0) = (1 . 1)
(CONST 1) = POISCO1
(CONST 2) = (-1 . 1)
(CONST 3) = POISCOM1
0 required arguments
0 optional arguments
No rest parameter
No keyword parameters
writes special variables : (POISCOM1 POISCO1)
5 byte-code instructions:
0     (CONST 0)                           ; (1 . 1)
1     (SETVALUE 1)                        ; POISCO1
3     (CONST 2)                           ; (-1 . 1)
4     (SETVALUE 3)                        ; POISCOM1
6     (SKIP&RET 1)


Disassembly of function #:|(DEFUN POISCDECODE (X) ...)-6|
(CONST 0) = POISCDECODE
(CONST 1) = SYSTEM::REMOVE-OLD-DEFINITIONS
(CONST 2) = #<COMPILED-CLOSURE POISCDECODE>
0 required arguments
0 optional arguments
No rest parameter
No keyword parameters
7 byte-code instructions:
0     (CONST&PUSH 0)                      ; POISCDECODE
1     (CALL1 1)                           ; SYSTEM::REMOVE-OLD-DEFINITIONS
3     (CONST&PUSH 0)                      ; POISCDECODE
4     (CONST&PUSH 2)                      ; #<COMPILED-CLOSURE POISCDECODE>
5     (CALLS2 130)                        ; SYSTEM::%PUTD
7     (CONST 0)                           ; POISCDECODE
8     (SKIP&RET 1)


Disassembly of function POISCDECODE
(CONST 0) = X
(CONST 1) = MRAT
(CONST 2) = SIMP
(CONST 3) = $RATVARS
(CONST 4) = GENVAR
(CONST 5) = $RATDISREP
1 required argument
0 optional arguments
No rest parameter
No keyword parameters
reads special variables: (X GENVAR $RATVARS)
13 byte-code instructions:
0     (LOAD 1)
1     (BIND 0)                            ; X
3     (CONST&PUSH 1)                      ; MRAT
4     (CONST&PUSH 2)                      ; SIMP
5     (GETVALUE 3)                        ; $RATVARS
7     (CDR&PUSH)
8     (GETVALUE&PUSH 4)                   ; GENVAR
10    (LIST&PUSH 4)
12    (GETVALUE 0)                        ; X
14    (CONS&PUSH)
15    (CALL1 5)                           ; $RATDISREP
17    (UNBIND1)
18    (SKIP&RET 2)


Disassembly of function #:|(DEFUN INTOPOISCO (X) ...)-7|
(CONST 0) = INTOPOISCO
(CONST 1) = SYSTEM::REMOVE-OLD-DEFINITIONS
(CONST 2) = #<COMPILED-CLOSURE INTOPOISCO>
0 required arguments
0 optional arguments
No rest parameter
No keyword parameters
7 byte-code instructions:
0     (CONST&PUSH 0)                      ; INTOPOISCO
1     (CALL1 1)                           ; SYSTEM::REMOVE-OLD-DEFINITIONS
3     (CONST&PUSH 0)                      ; INTOPOISCO
4     (CONST&PUSH 2)                      ; #<COMPILED-CLOSURE INTOPOISCO>
5     (CALLS2 130)                        ; SYSTEM::%PUTD
7     (CONST 0)                           ; INTOPOISCO
8     (SKIP&RET 1)


Disassembly of function INTOPOISCO
(CONST 0) = X
(CONST 1) = $RATVARS
(CONST 2) = RATREP
1 required argument
0 optional arguments
No rest parameter
No keyword parameters
reads special variables: ($RATVARS X)
19 byte-code instructions:
0     (LOAD 1)
1     (BIND 0)                            ; X
3     (GETVALUE 0)                        ; X
5     (JMPIFATOM L13)
7     (GETVALUE 0)                        ; X
9     (CDR&PUSH)
10    (CALLS2&JMPIF 8 L24)                ; NUMBERP
13    L13
13    (GETVALUE&PUSH 0)                   ; X
15    (GETVALUE 1)                        ; $RATVARS
17    (CDR&PUSH)
18    (CALL2 2)                           ; RATREP
20    (CDR)
21    L21
21    (UNBIND1)
22    (SKIP&RET 2)
24    L24
24    (GETVALUE 0)                        ; X
26    (JMP L21)


Disassembly of function #:|(DEFUN POISCO* (X Y) ...)-8|
(CONST 0) = POISCO*
(CONST 1) = SYSTEM::REMOVE-OLD-DEFINITIONS
(CONST 2) = #<COMPILED-CLOSURE POISCO*>
0 required arguments
0 optional arguments
No rest parameter
No keyword parameters
7 byte-code instructions:
0     (CONST&PUSH 0)                      ; POISCO*
1     (CALL1 1)                           ; SYSTEM::REMOVE-OLD-DEFINITIONS
3     (CONST&PUSH 0)                      ; POISCO*
4     (CONST&PUSH 2)                      ; #<COMPILED-CLOSURE POISCO*>
5     (CALLS2 130)                        ; SYSTEM::%PUTD
7     (CONST 0)                           ; POISCO*
8     (SKIP&RET 1)


Disassembly of function POISCO*
(CONST 0) = X
(CONST 1) = Y
(CONST 2) = RATTIMES
2 required arguments
0 optional arguments
No rest parameter
No keyword parameters
reads special variables: (Y X)
10 byte-code instructions:
0     (LOAD 2)
1     (BIND 0)                            ; X
3     (LOAD 4)
4     (BIND 1)                            ; Y
6     (GETVALUE&PUSH 0)                   ; X
8     (GETVALUE&PUSH 1)                   ; Y
10    (T&PUSH)
11    (CALL 3 2)                          ; RATTIMES
14    (UNBIND 2)
16    (SKIP&RET 3)


Disassembly of function #:|(DEFUN POISCO+ (X Y) ...)-9|
(CONST 0) = POISCO+
(CONST 1) = SYSTEM::REMOVE-OLD-DEFINITIONS
(CONST 2) = #<COMPILED-CLOSURE POISCO+>
0 required arguments
0 optional arguments
No rest parameter
No keyword parameters
7 byte-code instructions:
0     (CONST&PUSH 0)                      ; POISCO+
1     (CALL1 1)                           ; SYSTEM::REMOVE-OLD-DEFINITIONS
3     (CONST&PUSH 0)                      ; POISCO+
4     (CONST&PUSH 2)                      ; #<COMPILED-CLOSURE POISCO+>
5     (CALLS2 130)                        ; SYSTEM::%PUTD
7     (CONST 0)                           ; POISCO+
8     (SKIP&RET 1)


Disassembly of function POISCO+
(CONST 0) = X
(CONST 1) = Y
(CONST 2) = RATPLUS
2 required arguments
0 optional arguments
No rest parameter
No keyword parameters
reads special variables: (Y X)
9 byte-code instructions:
0     (LOAD 2)
1     (BIND 0)                            ; X
3     (LOAD 4)
4     (BIND 1)                            ; Y
6     (GETVALUE&PUSH 0)                   ; X
8     (GETVALUE&PUSH 1)                   ; Y
10    (CALL2 2)                           ; RATPLUS
12    (UNBIND 2)
14    (SKIP&RET 3)


Disassembly of function #:|(DEFUN HALVE (R) ...)-10|
(CONST 0) = HALVE
(CONST 1) = SYSTEM::REMOVE-OLD-DEFINITIONS
(CONST 2) = #<COMPILED-CLOSURE HALVE>
0 required arguments
0 optional arguments
No rest parameter
No keyword parameters
7 byte-code instructions:
0     (CONST&PUSH 0)                      ; HALVE
1     (CALL1 1)                           ; SYSTEM::REMOVE-OLD-DEFINITIONS
3     (CONST&PUSH 0)                      ; HALVE
4     (CONST&PUSH 2)                      ; #<COMPILED-CLOSURE HALVE>
5     (CALLS2 130)                        ; SYSTEM::%PUTD
7     (CONST 0)                           ; HALVE
8     (SKIP&RET 1)


Disassembly of function HALVE
(CONST 0) = R
(CONST 1) = (1 . 2)
(CONST 2) = RATTIMES
1 required argument
0 optional arguments
No rest parameter
No keyword parameters
reads special variable: (R)
8 byte-code instructions:
0     (LOAD 1)
1     (BIND 0)                            ; R
3     (CONST&PUSH 1)                      ; (1 . 2)
4     (GETVALUE&PUSH 0)                   ; R
6     (T&PUSH)
7     (CALL 3 2)                          ; RATTIMES
10    (UNBIND1)
11    (SKIP&RET 2)


Disassembly of function #:|(DEFUN POISSUBSTCO (A B X) ...)-11|
(CONST 0) = POISSUBSTCO
(CONST 1) = SYSTEM::REMOVE-OLD-DEFINITIONS
(CONST 2) = #<COMPILED-CLOSURE POISSUBSTCO>
0 required arguments
0 optional arguments
No rest parameter
No keyword parameters
7 byte-code instructions:
0     (CONST&PUSH 0)                      ; POISSUBSTCO
1     (CALL1 1)                           ; SYSTEM::REMOVE-OLD-DEFINITIONS
3     (CONST&PUSH 0)                      ; POISSUBSTCO
4     (CONST&PUSH 2)                      ; #<COMPILED-CLOSURE POISSUBSTCO>
5     (CALLS2 130)                        ; SYSTEM::%PUTD
7     (CONST 0)                           ; POISSUBSTCO
8     (SKIP&RET 1)


Disassembly of function POISSUBSTCO
(CONST 0) = A
(CONST 1) = B
(CONST 2) = X
(CONST 3) = MRAT
(CONST 4) = SIMP
(CONST 5) = $RATVARS
(CONST 6) = GENVAR
(CONST 7) = $RATDISREP
(CONST 8) = MAXIMA-SUBSTITUTE
(CONST 9) = INTOPOISCO
3 required arguments
0 optional arguments
No rest parameter
No keyword parameters
reads special variables: (X GENVAR $RATVARS B A)
21 byte-code instructions:
0     (LOAD 3)
1     (BIND 0)                            ; A
3     (LOAD 5)
4     (BIND 1)                            ; B
6     (LOAD 7)
7     (BIND 2)                            ; X
9     (GETVALUE&PUSH 0)                   ; A
11    (GETVALUE&PUSH 1)                   ; B
13    (CONST&PUSH 3)                      ; MRAT
14    (CONST&PUSH 4)                      ; SIMP
15    (GETVALUE 5)                        ; $RATVARS
17    (CDR&PUSH)
18    (GETVALUE&PUSH 6)                   ; GENVAR
20    (LIST&PUSH 4)
22    (GETVALUE 2)                        ; X
24    (CONS&PUSH)
25    (CALL1&PUSH 7)                      ; $RATDISREP
27    (CALL&PUSH 3 8)                     ; MAXIMA-SUBSTITUTE
30    (CALL1 9)                           ; INTOPOISCO
32    (UNBIND 3)
34    (SKIP&RET 4)


Disassembly of function #:|(DEFUN POISPZERO (X) ...)-12|
(CONST 0) = POISPZERO
(CONST 1) = SYSTEM::REMOVE-OLD-DEFINITIONS
(CONST 2) = #<COMPILED-CLOSURE POISPZERO>
0 required arguments
0 optional arguments
No rest parameter
No keyword parameters
7 byte-code instructions:
0     (CONST&PUSH 0)                      ; POISPZERO
1     (CALL1 1)                           ; SYSTEM::REMOVE-OLD-DEFINITIONS
3     (CONST&PUSH 0)                      ; POISPZERO
4     (CONST&PUSH 2)                      ; #<COMPILED-CLOSURE POISPZERO>
5     (CALLS2 130)                        ; SYSTEM::%PUTD
7     (CONST 0)                           ; POISPZERO
8     (SKIP&RET 1)


Disassembly of function POISPZERO
(CONST 0) = X
(CONST 1) = 0
1 required argument
0 optional arguments
No rest parameter
No keyword parameters
reads special variable: (X)
8 byte-code instructions:
0     (LOAD 1)
1     (BIND 0)                            ; X
3     (GETVALUE 0)                        ; X
5     (CAR&PUSH)
6     (CONST 1)                           ; 0
7     (EQ)
8     (UNBIND1)
9     (SKIP&RET 2)


Disassembly of function #:|(DEFUN POISCOINTEG (H VAR) ...)-13|
(CONST 0) = POISCOINTEG
(CONST 1) = SYSTEM::REMOVE-OLD-DEFINITIONS
(CONST 2) = #<COMPILED-CLOSURE POISCOINTEG>
0 required arguments
0 optional arguments
No rest parameter
No keyword parameters
7 byte-code instructions:
0     (CONST&PUSH 0)                      ; POISCOINTEG
1     (CALL1 1)                           ; SYSTEM::REMOVE-OLD-DEFINITIONS
3     (CONST&PUSH 0)                      ; POISCOINTEG
4     (CONST&PUSH 2)                      ; #<COMPILED-CLOSURE POISCOINTEG>
5     (CALLS2 130)                        ; SYSTEM::%PUTD
7     (CONST 0)                           ; POISCOINTEG
8     (SKIP&RET 1)


Disassembly of function POISCOINTEG
(CONST 0) = H
(CONST 1) = VAR
(CONST 2) = POISCDECODE
(CONST 3) = $INTEGRATE
(CONST 4) = INTOPOISCO
2 required arguments
0 optional arguments
No rest parameter
No keyword parameters
reads special variables: (VAR H)
11 byte-code instructions:
0     (LOAD 2)
1     (BIND 0)                            ; H
3     (LOAD 4)
4     (BIND 1)                            ; VAR
6     (GETVALUE&PUSH 0)                   ; H
8     (CALL1&PUSH 2)                      ; POISCDECODE
10    (GETVALUE&PUSH 1)                   ; VAR
12    (CALL2&PUSH 3)                      ; $INTEGRATE
14    (CALL1 4)                           ; INTOPOISCO
16    (UNBIND 2)
18    (SKIP&RET 3)


Wrote file binary-clisp/ratpoi.fas
Wrote file /cygdrive/e/temp/maxima/src/ratpoi.lis