Listing of compilation of file /cygdrive/e/temp/maxima/src/runtim.lisp
on 2002-12-17 13:32:06 by CLISP, version 2.30 (released 2002-09-15) (built 3249143430) (memory 3249145291)
Compiling file /cygdrive/e/temp/maxima/src/runtim.lisp ...

Disassembly of function #:|(IN-PACKAGE "MAXIMA")-1|
(CONST 0) = "MAXIMA"
(CONST 1) = *PACKAGE*
0 required arguments
0 optional arguments
No rest parameter
No keyword parameters
writes special variable : (*PACKAGE*)
4 byte-code instructions:
0     (CONST&PUSH 0)                      ; "MAXIMA"
1     (CALLS1 228)                        ; SYSTEM::%FIND-PACKAGE
3     (SETVALUE 1)                        ; *PACKAGE*
5     (SKIP&RET 1)


Disassembly of function #:|(MACSYMA-MODULE RUNTIM)-2|
(CONST 0) = RUNTIM
(CONST 1) = MACSYMA-MODULE
(CONST 2) = (RUNTIME)
0 required arguments
0 optional arguments
No rest parameter
No keyword parameters
5 byte-code instructions:
0     (CONST&PUSH 0)                      ; RUNTIM
1     (CONST&PUSH 1)                      ; MACSYMA-MODULE
2     (CONST&PUSH 2)                      ; (RUNTIME)
3     (CALLS2 136)                        ; SYSTEM::%PUT
5     (SKIP&RET 1)


Disassembly of function #:|(PROGN 'COMPILE (DEFUN ADD # ...) ...)-3-2|
(CONST 0) = ADD
(CONST 1) = SYSTEM::REMOVE-OLD-DEFINITIONS
(CONST 2) = #<COMPILED-CLOSURE ADD>
0 required arguments
0 optional arguments
No rest parameter
No keyword parameters
7 byte-code instructions:
0     (CONST&PUSH 0)                      ; ADD
1     (CALL1 1)                           ; SYSTEM::REMOVE-OLD-DEFINITIONS
3     (CONST&PUSH 0)                      ; ADD
4     (CONST&PUSH 2)                      ; #<COMPILED-CLOSURE ADD>
5     (CALLS2 130)                        ; SYSTEM::%PUTD
7     (VALUES0)
8     (SKIP&RET 1)


Disassembly of function ADD
(CONST 0) = 0
(CONST 1) = (MPLUS)
(CONST 2) = SIMPLIFYA
(CONST 3) = (MPLUS)
0 required arguments
0 optional arguments
Rest parameter
No keyword parameters
39 byte-code instructions:
0     (PUSH-NIL 2)
2     (CONST&PUSH 0)                      ; 0
3     (LOAD&JMPIFNOT 4 L41)
6     (JMP L25)
8     L8
8     (POP)
9     (SKIP&RET 4)
11    L11
11    (CONST&PUSH 1)                      ; (MPLUS)
12    (LOAD 3)
13    (CONS)
14    (JMP L53)
16    L16
16    (LOAD&PUSH 1)
17    (LOAD&PUSH 1)
18    (CALLSR&STORE 2 53 0)               ; +
22    (LOAD&JMPIFNOT 4 L41)
25    L25
25    (LOAD&CAR&PUSH 4)
27    (LOAD&CDR&STORE 5)
29    (POP&STORE 1)
31    (PUSH)
32    (CALLS2&JMPIF 8 L16)                ; NUMBERP
35    (LOAD&PUSH 1)
36    (LOAD&CONS&STORE 2)
38    (LOAD&JMPIF 4 L25)
41    L41
41    (LOAD&JMPIFNOT 2 L8)
44    (LOAD&PUSH 0)
45    (CALLS2&JMPIF 145 L11)              ; ZEROP
48    (CONST&PUSH 3)                      ; (MPLUS)
49    (LOAD&PUSH 1)
50    (LOAD 4)
51    (LIST* 2)
53    L53
53    (PUSH)
54    (T&PUSH)
55    (CALL2 2)                           ; SIMPLIFYA
57    (SKIP&RET 5)


Disassembly of function #:|(PROGN 'COMPILE (DEFUN ADD # ...) ...)-3-3|
(CONST 0) = MUL
(CONST 1) = SYSTEM::REMOVE-OLD-DEFINITIONS
(CONST 2) = #<COMPILED-CLOSURE MUL>
0 required arguments
0 optional arguments
No rest parameter
No keyword parameters
7 byte-code instructions:
0     (CONST&PUSH 0)                      ; MUL
1     (CALL1 1)                           ; SYSTEM::REMOVE-OLD-DEFINITIONS
3     (CONST&PUSH 0)                      ; MUL
4     (CONST&PUSH 2)                      ; #<COMPILED-CLOSURE MUL>
5     (CALLS2 130)                        ; SYSTEM::%PUTD
7     (VALUES0)
8     (SKIP&RET 1)


Disassembly of function MUL
(CONST 0) = 1
(CONST 1) = (MTIMES)
(CONST 2) = SIMPLIFYA
(CONST 3) = (MTIMES)
0 required arguments
0 optional arguments
Rest parameter
No keyword parameters
39 byte-code instructions:
0     (PUSH-NIL 2)
2     (CONST&PUSH 0)                      ; 1
3     (LOAD&JMPIFNOT 4 L41)
6     (JMP L25)
8     L8
8     (POP)
9     (SKIP&RET 4)
11    L11
11    (CONST&PUSH 1)                      ; (MTIMES)
12    (LOAD 3)
13    (CONS)
14    (JMP L53)
16    L16
16    (LOAD&PUSH 1)
17    (LOAD&PUSH 1)
18    (CALLSR&STORE 2 55 0)               ; *
22    (LOAD&JMPIFNOT 4 L41)
25    L25
25    (LOAD&CAR&PUSH 4)
27    (LOAD&CDR&STORE 5)
29    (POP&STORE 1)
31    (PUSH)
32    (CALLS2&JMPIF 8 L16)                ; NUMBERP
35    (LOAD&PUSH 1)
36    (LOAD&CONS&STORE 2)
38    (LOAD&JMPIF 4 L25)
41    L41
41    (LOAD&JMPIFNOT 2 L8)
44    (LOAD&PUSH 0)
45    (JMPIFEQTO 0 L11)                   ; 1
48    (CONST&PUSH 3)                      ; (MTIMES)
49    (LOAD&PUSH 1)
50    (LOAD 4)
51    (LIST* 2)
53    L53
53    (PUSH)
54    (T&PUSH)
55    (CALL2 2)                           ; SIMPLIFYA
57    (SKIP&RET 5)


Disassembly of function #:|(PROGN 'COMPILE (DEFUN ADD # ...) ...)-3-4|
(CONST 0) = ADD*
(CONST 1) = SYSTEM::REMOVE-OLD-DEFINITIONS
(CONST 2) = #<COMPILED-CLOSURE ADD*>
0 required arguments
0 optional arguments
No rest parameter
No keyword parameters
7 byte-code instructions:
0     (CONST&PUSH 0)                      ; ADD*
1     (CALL1 1)                           ; SYSTEM::REMOVE-OLD-DEFINITIONS
3     (CONST&PUSH 0)                      ; ADD*
4     (CONST&PUSH 2)                      ; #<COMPILED-CLOSURE ADD*>
5     (CALLS2 130)                        ; SYSTEM::%PUTD
7     (VALUES0)
8     (SKIP&RET 1)


Disassembly of function ADD*
(CONST 0) = (MPLUS)
(CONST 1) = SIMPLIFYA
0 required arguments
0 optional arguments
Rest parameter
No keyword parameters
7 byte-code instructions:
0     (CONST&PUSH 0)                      ; (MPLUS)
1     (LOAD&PUSH 2)
2     (CALLS1 158)                        ; COPY-LIST
4     (CONS&PUSH)
5     (NIL&PUSH)
6     (CALL2 1)                           ; SIMPLIFYA
8     (SKIP&RET 2)


Disassembly of function #:|(PROGN 'COMPILE (DEFUN ADD # ...) ...)-3-5|
(CONST 0) = MUL*
(CONST 1) = SYSTEM::REMOVE-OLD-DEFINITIONS
(CONST 2) = #<COMPILED-CLOSURE MUL*>
0 required arguments
0 optional arguments
No rest parameter
No keyword parameters
7 byte-code instructions:
0     (CONST&PUSH 0)                      ; MUL*
1     (CALL1 1)                           ; SYSTEM::REMOVE-OLD-DEFINITIONS
3     (CONST&PUSH 0)                      ; MUL*
4     (CONST&PUSH 2)                      ; #<COMPILED-CLOSURE MUL*>
5     (CALLS2 130)                        ; SYSTEM::%PUTD
7     (CONST 0)                           ; MUL*
8     (SKIP&RET 1)


Disassembly of function MUL*
(CONST 0) = (MTIMES)
(CONST 1) = SIMPLIFYA
0 required arguments
0 optional arguments
Rest parameter
No keyword parameters
7 byte-code instructions:
0     (CONST&PUSH 0)                      ; (MTIMES)
1     (LOAD&PUSH 2)
2     (CALLS1 158)                        ; COPY-LIST
4     (CONS&PUSH)
5     (NIL&PUSH)
6     (CALL2 1)                           ; SIMPLIFYA
8     (SKIP&RET 2)


Wrote file binary-clisp/runtim.fas
Wrote file /cygdrive/e/temp/maxima/src/runtim.lis