Listing of compilation of file /cygdrive/e/temp/maxima/src/transf.lisp
on 2002-12-17 13:33:57 by CLISP, version 2.30 (released 2002-09-15) (built 3249143430) (memory 3249145291)
Compiling file /cygdrive/e/temp/maxima/src/transf.lisp ...

Disassembly of function #:|(IN-PACKAGE "MAXIMA")-1|
(CONST 0) = "MAXIMA"
(CONST 1) = *PACKAGE*
0 required arguments
0 optional arguments
No rest parameter
No keyword parameters
writes special variable : (*PACKAGE*)
4 byte-code instructions:
0     (CONST&PUSH 0)                      ; "MAXIMA"
1     (CALLS1 228)                        ; SYSTEM::%FIND-PACKAGE
3     (SETVALUE 1)                        ; *PACKAGE*
5     (SKIP&RET 1)


Disassembly of function #:|(MACSYMA-MODULE TRANSF)-2|
(CONST 0) = TRANSF
(CONST 1) = MACSYMA-MODULE
(CONST 2) = (RUNTIME)
0 required arguments
0 optional arguments
No rest parameter
No keyword parameters
5 byte-code instructions:
0     (CONST&PUSH 0)                      ; TRANSF
1     (CONST&PUSH 1)                      ; MACSYMA-MODULE
2     (CONST&PUSH 2)                      ; (RUNTIME)
3     (CALLS2 136)                        ; SYSTEM::%PUT
5     (SKIP&RET 1)


Disassembly of function #:|(TRANSL-MODULE TRANSF)-3|
(CONST 0) = COMMENT
0 required arguments
0 optional arguments
No rest parameter
No keyword parameters
2 byte-code instructions:
0     (CONST 0)                           ; COMMENT
1     (SKIP&RET 1)


Disassembly of function #:|(DEF%TR %LOG (FORM) ...)-4-2|
(CONST 0) = #<COMPILED-CLOSURE #:|(DEF%TR %LOG (FORM) ...)-4-2-1|>
(CONST 1) = %LOG
(CONST 2) = TRANSLATE
0 required arguments
0 optional arguments
No rest parameter
No keyword parameters
6 byte-code instructions:
0     (CONST&PUSH 0)                      ; #<COMPILED-CLOSURE #:|(DEF%TR %LOG (FORM) ...)-4-2-1|>
1     (CONST&PUSH 1)                      ; %LOG
2     (CONST&PUSH 2)                      ; TRANSLATE
3     (LOAD&PUSH 2)
4     (CALLS2 136)                        ; SYSTEM::%PUT
6     (SKIP&RET 2)


Disassembly of function #:|(DEF%TR %LOG (FORM) ...)-4-2-1|
(CONST 0) = TRANSLATE
(CONST 1) = $FLOAT
(CONST 2) = LISP-FUNCTION-TO-USE
(CONST 3) = $ANY
(CONST 4) = SIMPLIFY
(CONST 5) = LIST
(CONST 6) = QUOTE
1 required argument
0 optional arguments
No rest parameter
No keyword parameters
41 byte-code instructions:
0     (NIL&PUSH)
1     (LOAD 2)
2     (CDR)
3     (CAR&PUSH)
4     (CALL1 0)                           ; TRANSLATE
6     (STORE 0)
7     (CAR&PUSH)
8     (JMPIFNOTEQTO 1 L20)                ; $FLOAT
11    (LOAD 2)
12    (CAR)
13    (CAR&PUSH)
14    (CONST&PUSH 2)                      ; LISP-FUNCTION-TO-USE
15    (PUSH-UNBOUND 1)
17    (CALLS2&JMPIF 132 L40)              ; GET
20    L20
20    (CONST&PUSH 3)                      ; $ANY
21    (CONST&PUSH 4)                      ; SIMPLIFY
22    (CONST&PUSH 5)                      ; LIST
23    (CONST&PUSH 6)                      ; QUOTE
24    (LOAD 6)
25    (CAR)
26    (CAR&PUSH)
27    (LIST&PUSH 1)
29    (LIST&PUSH 2)
31    (LOAD&CDR&PUSH 4)
33    (LIST 3)
35    L35
35    (PUSH)
36    (LIST 3)
38    (SKIP&RET 3)
40    L40
40    (CONST&PUSH 1)                      ; $FLOAT
41    (LOAD 3)
42    (CAR)
43    (CAR&PUSH)
44    (CONST&PUSH 2)                      ; LISP-FUNCTION-TO-USE
45    (PUSH-UNBOUND 1)
47    (CALLS2&PUSH 132)                   ; GET
49    (LOAD 2)
50    (CDR)
51    (JMP L35)


Disassembly of function #:|(DEF-SAME%TR %SIN %LOG)-5|
(CONST 0) = %SIN
(CONST 1) = %LOG
(CONST 2) = TRANSLATE
(CONST 3) = "without any special action"
(CONST 4) = |No TRANSLATE property to alias.|
(CONST 5) = CERROR
(CONST 6) = PUTPROP
0 required arguments
0 optional arguments
No rest parameter
No keyword parameters
14 byte-code instructions:
0     (CONST&PUSH 0)                      ; %SIN
1     (CONST&PUSH 1)                      ; %LOG
2     (CONST&PUSH 2)                      ; TRANSLATE
3     (PUSH-UNBOUND 1)
5     (CALLS2&JMPIF 132 L14)              ; GET
8     (CONST&PUSH 3)                      ; "without any special action"
9     (CONST&PUSH 4)                      ; |No TRANSLATE property to alias.|
10    (CONST&PUSH 1)                      ; %LOG
11    (CALL 3 5)                          ; CERROR
14    L14
14    (PUSH)
15    (CONST&PUSH 2)                      ; TRANSLATE
16    (CALL 3 6)                          ; PUTPROP
19    (SKIP&RET 1)


Disassembly of function #:|(DEF-SAME%TR %COS %LOG)-6|
(CONST 0) = %COS
(CONST 1) = %LOG
(CONST 2) = TRANSLATE
(CONST 3) = "without any special action"
(CONST 4) = |No TRANSLATE property to alias.|
(CONST 5) = CERROR
(CONST 6) = PUTPROP
0 required arguments
0 optional arguments
No rest parameter
No keyword parameters
14 byte-code instructions:
0     (CONST&PUSH 0)                      ; %COS
1     (CONST&PUSH 1)                      ; %LOG
2     (CONST&PUSH 2)                      ; TRANSLATE
3     (PUSH-UNBOUND 1)
5     (CALLS2&JMPIF 132 L14)              ; GET
8     (CONST&PUSH 3)                      ; "without any special action"
9     (CONST&PUSH 4)                      ; |No TRANSLATE property to alias.|
10    (CONST&PUSH 1)                      ; %LOG
11    (CALL 3 5)                          ; CERROR
14    L14
14    (PUSH)
15    (CONST&PUSH 2)                      ; TRANSLATE
16    (CALL 3 6)                          ; PUTPROP
19    (SKIP&RET 1)


Disassembly of function #:|(DEF-SAME%TR %TAN %LOG)-7|
(CONST 0) = %TAN
(CONST 1) = %LOG
(CONST 2) = TRANSLATE
(CONST 3) = "without any special action"
(CONST 4) = |No TRANSLATE property to alias.|
(CONST 5) = CERROR
(CONST 6) = PUTPROP
0 required arguments
0 optional arguments
No rest parameter
No keyword parameters
14 byte-code instructions:
0     (CONST&PUSH 0)                      ; %TAN
1     (CONST&PUSH 1)                      ; %LOG
2     (CONST&PUSH 2)                      ; TRANSLATE
3     (PUSH-UNBOUND 1)
5     (CALLS2&JMPIF 132 L14)              ; GET
8     (CONST&PUSH 3)                      ; "without any special action"
9     (CONST&PUSH 4)                      ; |No TRANSLATE property to alias.|
10    (CONST&PUSH 1)                      ; %LOG
11    (CALL 3 5)                          ; CERROR
14    L14
14    (PUSH)
15    (CONST&PUSH 2)                      ; TRANSLATE
16    (CALL 3 6)                          ; PUTPROP
19    (SKIP&RET 1)


Disassembly of function #:|(DEF-SAME%TR %COT %LOG)-8|
(CONST 0) = %COT
(CONST 1) = %LOG
(CONST 2) = TRANSLATE
(CONST 3) = "without any special action"
(CONST 4) = |No TRANSLATE property to alias.|
(CONST 5) = CERROR
(CONST 6) = PUTPROP
0 required arguments
0 optional arguments
No rest parameter
No keyword parameters
14 byte-code instructions:
0     (CONST&PUSH 0)                      ; %COT
1     (CONST&PUSH 1)                      ; %LOG
2     (CONST&PUSH 2)                      ; TRANSLATE
3     (PUSH-UNBOUND 1)
5     (CALLS2&JMPIF 132 L14)              ; GET
8     (CONST&PUSH 3)                      ; "without any special action"
9     (CONST&PUSH 4)                      ; |No TRANSLATE property to alias.|
10    (CONST&PUSH 1)                      ; %LOG
11    (CALL 3 5)                          ; CERROR
14    L14
14    (PUSH)
15    (CONST&PUSH 2)                      ; TRANSLATE
16    (CALL 3 6)                          ; PUTPROP
19    (SKIP&RET 1)


Disassembly of function #:|(DEF-SAME%TR %CSC %LOG)-9|
(CONST 0) = %CSC
(CONST 1) = %LOG
(CONST 2) = TRANSLATE
(CONST 3) = "without any special action"
(CONST 4) = |No TRANSLATE property to alias.|
(CONST 5) = CERROR
(CONST 6) = PUTPROP
0 required arguments
0 optional arguments
No rest parameter
No keyword parameters
14 byte-code instructions:
0     (CONST&PUSH 0)                      ; %CSC
1     (CONST&PUSH 1)                      ; %LOG
2     (CONST&PUSH 2)                      ; TRANSLATE
3     (PUSH-UNBOUND 1)
5     (CALLS2&JMPIF 132 L14)              ; GET
8     (CONST&PUSH 3)                      ; "without any special action"
9     (CONST&PUSH 4)                      ; |No TRANSLATE property to alias.|
10    (CONST&PUSH 1)                      ; %LOG
11    (CALL 3 5)                          ; CERROR
14    L14
14    (PUSH)
15    (CONST&PUSH 2)                      ; TRANSLATE
16    (CALL 3 6)                          ; PUTPROP
19    (SKIP&RET 1)


Disassembly of function #:|(DEF-SAME%TR %SEC %LOG)-10|
(CONST 0) = %SEC
(CONST 1) = %LOG
(CONST 2) = TRANSLATE
(CONST 3) = "without any special action"
(CONST 4) = |No TRANSLATE property to alias.|
(CONST 5) = CERROR
(CONST 6) = PUTPROP
0 required arguments
0 optional arguments
No rest parameter
No keyword parameters
14 byte-code instructions:
0     (CONST&PUSH 0)                      ; %SEC
1     (CONST&PUSH 1)                      ; %LOG
2     (CONST&PUSH 2)                      ; TRANSLATE
3     (PUSH-UNBOUND 1)
5     (CALLS2&JMPIF 132 L14)              ; GET
8     (CONST&PUSH 3)                      ; "without any special action"
9     (CONST&PUSH 4)                      ; |No TRANSLATE property to alias.|
10    (CONST&PUSH 1)                      ; %LOG
11    (CALL 3 5)                          ; CERROR
14    L14
14    (PUSH)
15    (CONST&PUSH 2)                      ; TRANSLATE
16    (CALL 3 6)                          ; PUTPROP
19    (SKIP&RET 1)


Disassembly of function #:|(DEF-SAME%TR %ACOT %LOG)-11|
(CONST 0) = %ACOT
(CONST 1) = %LOG
(CONST 2) = TRANSLATE
(CONST 3) = "without any special action"
(CONST 4) = |No TRANSLATE property to alias.|
(CONST 5) = CERROR
(CONST 6) = PUTPROP
0 required arguments
0 optional arguments
No rest parameter
No keyword parameters
14 byte-code instructions:
0     (CONST&PUSH 0)                      ; %ACOT
1     (CONST&PUSH 1)                      ; %LOG
2     (CONST&PUSH 2)                      ; TRANSLATE
3     (PUSH-UNBOUND 1)
5     (CALLS2&JMPIF 132 L14)              ; GET
8     (CONST&PUSH 3)                      ; "without any special action"
9     (CONST&PUSH 4)                      ; |No TRANSLATE property to alias.|
10    (CONST&PUSH 1)                      ; %LOG
11    (CALL 3 5)                          ; CERROR
14    L14
14    (PUSH)
15    (CONST&PUSH 2)                      ; TRANSLATE
16    (CALL 3 6)                          ; PUTPROP
19    (SKIP&RET 1)


Disassembly of function #:|(DEF-SAME%TR %SINH %LOG)-12|
(CONST 0) = %SINH
(CONST 1) = %LOG
(CONST 2) = TRANSLATE
(CONST 3) = "without any special action"
(CONST 4) = |No TRANSLATE property to alias.|
(CONST 5) = CERROR
(CONST 6) = PUTPROP
0 required arguments
0 optional arguments
No rest parameter
No keyword parameters
14 byte-code instructions:
0     (CONST&PUSH 0)                      ; %SINH
1     (CONST&PUSH 1)                      ; %LOG
2     (CONST&PUSH 2)                      ; TRANSLATE
3     (PUSH-UNBOUND 1)
5     (CALLS2&JMPIF 132 L14)              ; GET
8     (CONST&PUSH 3)                      ; "without any special action"
9     (CONST&PUSH 4)                      ; |No TRANSLATE property to alias.|
10    (CONST&PUSH 1)                      ; %LOG
11    (CALL 3 5)                          ; CERROR
14    L14
14    (PUSH)
15    (CONST&PUSH 2)                      ; TRANSLATE
16    (CALL 3 6)                          ; PUTPROP
19    (SKIP&RET 1)


Disassembly of function #:|(DEF-SAME%TR %COSH %LOG)-13|
(CONST 0) = %COSH
(CONST 1) = %LOG
(CONST 2) = TRANSLATE
(CONST 3) = "without any special action"
(CONST 4) = |No TRANSLATE property to alias.|
(CONST 5) = CERROR
(CONST 6) = PUTPROP
0 required arguments
0 optional arguments
No rest parameter
No keyword parameters
14 byte-code instructions:
0     (CONST&PUSH 0)                      ; %COSH
1     (CONST&PUSH 1)                      ; %LOG
2     (CONST&PUSH 2)                      ; TRANSLATE
3     (PUSH-UNBOUND 1)
5     (CALLS2&JMPIF 132 L14)              ; GET
8     (CONST&PUSH 3)                      ; "without any special action"
9     (CONST&PUSH 4)                      ; |No TRANSLATE property to alias.|
10    (CONST&PUSH 1)                      ; %LOG
11    (CALL 3 5)                          ; CERROR
14    L14
14    (PUSH)
15    (CONST&PUSH 2)                      ; TRANSLATE
16    (CALL 3 6)                          ; PUTPROP
19    (SKIP&RET 1)


Disassembly of function #:|(DEF-SAME%TR %TANH %LOG)-14|
(CONST 0) = %TANH
(CONST 1) = %LOG
(CONST 2) = TRANSLATE
(CONST 3) = "without any special action"
(CONST 4) = |No TRANSLATE property to alias.|
(CONST 5) = CERROR
(CONST 6) = PUTPROP
0 required arguments
0 optional arguments
No rest parameter
No keyword parameters
14 byte-code instructions:
0     (CONST&PUSH 0)                      ; %TANH
1     (CONST&PUSH 1)                      ; %LOG
2     (CONST&PUSH 2)                      ; TRANSLATE
3     (PUSH-UNBOUND 1)
5     (CALLS2&JMPIF 132 L14)              ; GET
8     (CONST&PUSH 3)                      ; "without any special action"
9     (CONST&PUSH 4)                      ; |No TRANSLATE property to alias.|
10    (CONST&PUSH 1)                      ; %LOG
11    (CALL 3 5)                          ; CERROR
14    L14
14    (PUSH)
15    (CONST&PUSH 2)                      ; TRANSLATE
16    (CALL 3 6)                          ; PUTPROP
19    (SKIP&RET 1)


Disassembly of function #:|(DEF-SAME%TR %COTH %LOG)-15|
(CONST 0) = %COTH
(CONST 1) = %LOG
(CONST 2) = TRANSLATE
(CONST 3) = "without any special action"
(CONST 4) = |No TRANSLATE property to alias.|
(CONST 5) = CERROR
(CONST 6) = PUTPROP
0 required arguments
0 optional arguments
No rest parameter
No keyword parameters
14 byte-code instructions:
0     (CONST&PUSH 0)                      ; %COTH
1     (CONST&PUSH 1)                      ; %LOG
2     (CONST&PUSH 2)                      ; TRANSLATE
3     (PUSH-UNBOUND 1)
5     (CALLS2&JMPIF 132 L14)              ; GET
8     (CONST&PUSH 3)                      ; "without any special action"
9     (CONST&PUSH 4)                      ; |No TRANSLATE property to alias.|
10    (CONST&PUSH 1)                      ; %LOG
11    (CALL 3 5)                          ; CERROR
14    L14
14    (PUSH)
15    (CONST&PUSH 2)                      ; TRANSLATE
16    (CALL 3 6)                          ; PUTPROP
19    (SKIP&RET 1)


Disassembly of function #:|(DEF-SAME%TR %CSCH %LOG)-16|
(CONST 0) = %CSCH
(CONST 1) = %LOG
(CONST 2) = TRANSLATE
(CONST 3) = "without any special action"
(CONST 4) = |No TRANSLATE property to alias.|
(CONST 5) = CERROR
(CONST 6) = PUTPROP
0 required arguments
0 optional arguments
No rest parameter
No keyword parameters
14 byte-code instructions:
0     (CONST&PUSH 0)                      ; %CSCH
1     (CONST&PUSH 1)                      ; %LOG
2     (CONST&PUSH 2)                      ; TRANSLATE
3     (PUSH-UNBOUND 1)
5     (CALLS2&JMPIF 132 L14)              ; GET
8     (CONST&PUSH 3)                      ; "without any special action"
9     (CONST&PUSH 4)                      ; |No TRANSLATE property to alias.|
10    (CONST&PUSH 1)                      ; %LOG
11    (CALL 3 5)                          ; CERROR
14    L14
14    (PUSH)
15    (CONST&PUSH 2)                      ; TRANSLATE
16    (CALL 3 6)                          ; PUTPROP
19    (SKIP&RET 1)


Disassembly of function #:|(DEF-SAME%TR %SECH %LOG)-17|
(CONST 0) = %SECH
(CONST 1) = %LOG
(CONST 2) = TRANSLATE
(CONST 3) = "without any special action"
(CONST 4) = |No TRANSLATE property to alias.|
(CONST 5) = CERROR
(CONST 6) = PUTPROP
0 required arguments
0 optional arguments
No rest parameter
No keyword parameters
14 byte-code instructions:
0     (CONST&PUSH 0)                      ; %SECH
1     (CONST&PUSH 1)                      ; %LOG
2     (CONST&PUSH 2)                      ; TRANSLATE
3     (PUSH-UNBOUND 1)
5     (CALLS2&JMPIF 132 L14)              ; GET
8     (CONST&PUSH 3)                      ; "without any special action"
9     (CONST&PUSH 4)                      ; |No TRANSLATE property to alias.|
10    (CONST&PUSH 1)                      ; %LOG
11    (CALL 3 5)                          ; CERROR
14    L14
14    (PUSH)
15    (CONST&PUSH 2)                      ; TRANSLATE
16    (CALL 3 6)                          ; PUTPROP
19    (SKIP&RET 1)


Disassembly of function #:|(DEF-SAME%TR %ASINH %LOG)-18|
(CONST 0) = %ASINH
(CONST 1) = %LOG
(CONST 2) = TRANSLATE
(CONST 3) = "without any special action"
(CONST 4) = |No TRANSLATE property to alias.|
(CONST 5) = CERROR
(CONST 6) = PUTPROP
0 required arguments
0 optional arguments
No rest parameter
No keyword parameters
14 byte-code instructions:
0     (CONST&PUSH 0)                      ; %ASINH
1     (CONST&PUSH 1)                      ; %LOG
2     (CONST&PUSH 2)                      ; TRANSLATE
3     (PUSH-UNBOUND 1)
5     (CALLS2&JMPIF 132 L14)              ; GET
8     (CONST&PUSH 3)                      ; "without any special action"
9     (CONST&PUSH 4)                      ; |No TRANSLATE property to alias.|
10    (CONST&PUSH 1)                      ; %LOG
11    (CALL 3 5)                          ; CERROR
14    L14
14    (PUSH)
15    (CONST&PUSH 2)                      ; TRANSLATE
16    (CALL 3 6)                          ; PUTPROP
19    (SKIP&RET 1)


Disassembly of function #:|(DEF-SAME%TR %ACSCH %LOG)-19|
(CONST 0) = %ACSCH
(CONST 1) = %LOG
(CONST 2) = TRANSLATE
(CONST 3) = "without any special action"
(CONST 4) = |No TRANSLATE property to alias.|
(CONST 5) = CERROR
(CONST 6) = PUTPROP
0 required arguments
0 optional arguments
No rest parameter
No keyword parameters
14 byte-code instructions:
0     (CONST&PUSH 0)                      ; %ACSCH
1     (CONST&PUSH 1)                      ; %LOG
2     (CONST&PUSH 2)                      ; TRANSLATE
3     (PUSH-UNBOUND 1)
5     (CALLS2&JMPIF 132 L14)              ; GET
8     (CONST&PUSH 3)                      ; "without any special action"
9     (CONST&PUSH 4)                      ; |No TRANSLATE property to alias.|
10    (CONST&PUSH 1)                      ; %LOG
11    (CALL 3 5)                          ; CERROR
14    L14
14    (PUSH)
15    (CONST&PUSH 2)                      ; TRANSLATE
16    (CALL 3 6)                          ; PUTPROP
19    (SKIP&RET 1)


Disassembly of function #:|(DEF-SAME%TR %ERF %LOG)-20|
(CONST 0) = %ERF
(CONST 1) = %LOG
(CONST 2) = TRANSLATE
(CONST 3) = "without any special action"
(CONST 4) = |No TRANSLATE property to alias.|
(CONST 5) = CERROR
(CONST 6) = PUTPROP
0 required arguments
0 optional arguments
No rest parameter
No keyword parameters
14 byte-code instructions:
0     (CONST&PUSH 0)                      ; %ERF
1     (CONST&PUSH 1)                      ; %LOG
2     (CONST&PUSH 2)                      ; TRANSLATE
3     (PUSH-UNBOUND 1)
5     (CALLS2&JMPIF 132 L14)              ; GET
8     (CONST&PUSH 3)                      ; "without any special action"
9     (CONST&PUSH 4)                      ; |No TRANSLATE property to alias.|
10    (CONST&PUSH 1)                      ; %LOG
11    (CALL 3 5)                          ; CERROR
14    L14
14    (PUSH)
15    (CONST&PUSH 2)                      ; TRANSLATE
16    (CALL 3 6)                          ; PUTPROP
19    (SKIP&RET 1)


Disassembly of function #:|(COMMENT NOT USED ...)-21|
(CONST 0) = COMMENT
0 required arguments
0 optional arguments
No rest parameter
No keyword parameters
2 byte-code instructions:
0     (CONST 0)                           ; COMMENT
1     (SKIP&RET 1)


Disassembly of function #:|(DEFMVAR $TR_FLOAT_CAN_BRANCH_COMPLEX T ...)-22-1|
(CONST 0) = $TR_FLOAT_CAN_BRANCH_COMPLEX
(CONST 1) = *VARIABLE-INITIAL-VALUES*
0 required arguments
0 optional arguments
No rest parameter
No keyword parameters
reads special variable: (*VARIABLE-INITIAL-VALUES*)
13 byte-code instructions:
0     (CONST&PUSH 0)                      ; $TR_FLOAT_CAN_BRANCH_COMPLEX
1     (GETVALUE&PUSH 1)                   ; *VARIABLE-INITIAL-VALUES*
3     (PUSH-UNBOUND 1)
5     (CALLS1&JMPIF 99 L17)               ; GETHASH
8     (GETVALUE&PUSH 1)                   ; *VARIABLE-INITIAL-VALUES*
10    (CONST&PUSH 0)                      ; $TR_FLOAT_CAN_BRANCH_COMPLEX
11    (LOAD&PUSH 1)
12    (T&PUSH)
13    (CALLS1 100)                        ; SYSTEM::PUTHASH
15    (SKIP 1)
17    L17
17    (VALUES0)
18    (SKIP&RET 1)


Disassembly of function #:|(DEFMVAR $TR_FLOAT_CAN_BRANCH_COMPLEX T ...)-22-2|
(CONST 0) = (SPECIAL $TR_FLOAT_CAN_BRANCH_COMPLEX)
(CONST 1) = $TR_FLOAT_CAN_BRANCH_COMPLEX
(CONST 2) = VARIABLE
(CONST 3) = 
"States wether the arc functions might return complex
	 results. The arc functions are SQRT,LOG,ACOS, etc.
	 e.g. When it is TRUE then ACOS(X) will be of mode ANY even if X is
	 of mode FLOAT. When FALSE then ACOS(X) will be of mode FLOAT
	 if and only if X is of mode FLOAT."
(CONST 4) = SYSTEM::%SET-DOCUMENTATION
0 required arguments
0 optional arguments
No rest parameter
No keyword parameters
14 byte-code instructions:
0     (CONST&PUSH 0)                      ; (SPECIAL ...)
1     (CALLS1 90)                         ; PROCLAIM
3     (CONST&PUSH 1)                      ; $TR_FLOAT_CAN_BRANCH_COMPLEX
4     (CALLS1&JMPIF 79 L11)               ; BOUNDP
7     (CONST&PUSH 1)                      ; $TR_FLOAT_CAN_BRANCH_COMPLEX
8     (T&PUSH)
9     (CALLS1 82)                         ; SYSTEM::SET-SYMBOL-VALUE
11    L11
11    (CONST&PUSH 1)                      ; $TR_FLOAT_CAN_BRANCH_COMPLEX
12    (CONST&PUSH 2)                      ; VARIABLE
13    (CONST&PUSH 3)                      ; "States wether the arc functions might return complex
	 results. The arc functions are SQRT,LOG,ACOS, etc.
	 e.g. When it is TRUE then ACOS(X) will be of mode ANY even if X is
	 of mode FLOAT. When FALSE then ACOS(X) will be of mode FLOAT
	 if and only if X is of mode FLOAT."
14    (CALL 3 4)                          ; SYSTEM::%SET-DOCUMENTATION
17    (CONST 1)                           ; $TR_FLOAT_CAN_BRANCH_COMPLEX
18    (SKIP&RET 1)


Disassembly of function #:|(DEF%TR %ACOS (FORM) ...)-23-2|
(CONST 0) = #<COMPILED-CLOSURE #:|(DEF%TR %ACOS (FORM) ...)-23-2-1|>
(CONST 1) = %ACOS
(CONST 2) = TRANSLATE
0 required arguments
0 optional arguments
No rest parameter
No keyword parameters
6 byte-code instructions:
0     (CONST&PUSH 0)                      ; #<COMPILED-CLOSURE #:|(DEF%TR %ACOS (FORM) ...)-23-2-1|>
1     (CONST&PUSH 1)                      ; %ACOS
2     (CONST&PUSH 2)                      ; TRANSLATE
3     (LOAD&PUSH 2)
4     (CALLS2 136)                        ; SYSTEM::%PUT
6     (SKIP&RET 2)


Disassembly of function #:|(DEF%TR %ACOS (FORM) ...)-23-2-1|
(CONST 0) = TRANSLATE
(CONST 1) = $FLOAT
(CONST 2) = LISP-FUNCTION-TO-USE
(CONST 3) = $TR_FLOAT_CAN_BRANCH_COMPLEX
(CONST 4) = $ANY
(CONST 5) = SIMPLIFY
(CONST 6) = LIST
(CONST 7) = QUOTE
1 required argument
0 optional arguments
No rest parameter
No keyword parameters
reads special variable: ($TR_FLOAT_CAN_BRANCH_COMPLEX)
46 byte-code instructions:
0     (LOAD 1)
1     (CDR)
2     (CAR&PUSH)
3     (CALL1&PUSH 0)                      ; TRANSLATE
5     (LOAD&CAR&PUSH 0)
7     (JMPIFNOTEQTO 1 L19)                ; $FLOAT
10    (LOAD 2)
11    (CAR)
12    (CAR&PUSH)
13    (CONST&PUSH 2)                      ; LISP-FUNCTION-TO-USE
14    (PUSH-UNBOUND 1)
16    (CALLS2&JMPIF 132 L42)              ; GET
19    L19
19    (CONST&PUSH 4)                      ; $ANY
20    (CONST&PUSH 5)                      ; SIMPLIFY
21    (CONST&PUSH 6)                      ; LIST
22    (CONST&PUSH 7)                      ; QUOTE
23    (LOAD 6)
24    (CAR)
25    (CAR&PUSH)
26    (LIST&PUSH 1)
28    (LIST&PUSH 2)
30    (LOAD&CDR&PUSH 4)
32    (LIST 3)
34    L34
34    (PUSH)
35    (LIST 3)
37    (SKIP&RET 3)
39    L39
39    (CONST 4)                           ; $ANY
40    (JMP L47)
42    L42
42    (GETVALUE 3)                        ; $TR_FLOAT_CAN_BRANCH_COMPLEX
44    (JMPIF L39)
46    (CONST 1)                           ; $FLOAT
47    L47
47    (PUSH)
48    (LOAD 3)
49    (CAR)
50    (CAR&PUSH)
51    (CONST&PUSH 2)                      ; LISP-FUNCTION-TO-USE
52    (PUSH-UNBOUND 1)
54    (CALLS2&PUSH 132)                   ; GET
56    (LOAD 2)
57    (CDR)
58    (JMP L34)


Disassembly of function #:|(DEF-SAME%TR %ASIN %ACOS)-24|
(CONST 0) = %ASIN
(CONST 1) = %ACOS
(CONST 2) = TRANSLATE
(CONST 3) = "without any special action"
(CONST 4) = |No TRANSLATE property to alias.|
(CONST 5) = CERROR
(CONST 6) = PUTPROP
0 required arguments
0 optional arguments
No rest parameter
No keyword parameters
14 byte-code instructions:
0     (CONST&PUSH 0)                      ; %ASIN
1     (CONST&PUSH 1)                      ; %ACOS
2     (CONST&PUSH 2)                      ; TRANSLATE
3     (PUSH-UNBOUND 1)
5     (CALLS2&JMPIF 132 L14)              ; GET
8     (CONST&PUSH 3)                      ; "without any special action"
9     (CONST&PUSH 4)                      ; |No TRANSLATE property to alias.|
10    (CONST&PUSH 1)                      ; %ACOS
11    (CALL 3 5)                          ; CERROR
14    L14
14    (PUSH)
15    (CONST&PUSH 2)                      ; TRANSLATE
16    (CALL 3 6)                          ; PUTPROP
19    (SKIP&RET 1)


Disassembly of function #:|(DEF-SAME%TR %ASEC %ACOS)-25|
(CONST 0) = %ASEC
(CONST 1) = %ACOS
(CONST 2) = TRANSLATE
(CONST 3) = "without any special action"
(CONST 4) = |No TRANSLATE property to alias.|
(CONST 5) = CERROR
(CONST 6) = PUTPROP
0 required arguments
0 optional arguments
No rest parameter
No keyword parameters
14 byte-code instructions:
0     (CONST&PUSH 0)                      ; %ASEC
1     (CONST&PUSH 1)                      ; %ACOS
2     (CONST&PUSH 2)                      ; TRANSLATE
3     (PUSH-UNBOUND 1)
5     (CALLS2&JMPIF 132 L14)              ; GET
8     (CONST&PUSH 3)                      ; "without any special action"
9     (CONST&PUSH 4)                      ; |No TRANSLATE property to alias.|
10    (CONST&PUSH 1)                      ; %ACOS
11    (CALL 3 5)                          ; CERROR
14    L14
14    (PUSH)
15    (CONST&PUSH 2)                      ; TRANSLATE
16    (CALL 3 6)                          ; PUTPROP
19    (SKIP&RET 1)


Disassembly of function #:|(DEF-SAME%TR %ASEC %ACOS)-26|
(CONST 0) = %ASEC
(CONST 1) = %ACOS
(CONST 2) = TRANSLATE
(CONST 3) = "without any special action"
(CONST 4) = |No TRANSLATE property to alias.|
(CONST 5) = CERROR
(CONST 6) = PUTPROP
0 required arguments
0 optional arguments
No rest parameter
No keyword parameters
14 byte-code instructions:
0     (CONST&PUSH 0)                      ; %ASEC
1     (CONST&PUSH 1)                      ; %ACOS
2     (CONST&PUSH 2)                      ; TRANSLATE
3     (PUSH-UNBOUND 1)
5     (CALLS2&JMPIF 132 L14)              ; GET
8     (CONST&PUSH 3)                      ; "without any special action"
9     (CONST&PUSH 4)                      ; |No TRANSLATE property to alias.|
10    (CONST&PUSH 1)                      ; %ACOS
11    (CALL 3 5)                          ; CERROR
14    L14
14    (PUSH)
15    (CONST&PUSH 2)                      ; TRANSLATE
16    (CALL 3 6)                          ; PUTPROP
19    (SKIP&RET 1)


Disassembly of function #:|(DEF-SAME%TR %ACSC %ACOS)-27|
(CONST 0) = %ACSC
(CONST 1) = %ACOS
(CONST 2) = TRANSLATE
(CONST 3) = "without any special action"
(CONST 4) = |No TRANSLATE property to alias.|
(CONST 5) = CERROR
(CONST 6) = PUTPROP
0 required arguments
0 optional arguments
No rest parameter
No keyword parameters
14 byte-code instructions:
0     (CONST&PUSH 0)                      ; %ACSC
1     (CONST&PUSH 1)                      ; %ACOS
2     (CONST&PUSH 2)                      ; TRANSLATE
3     (PUSH-UNBOUND 1)
5     (CALLS2&JMPIF 132 L14)              ; GET
8     (CONST&PUSH 3)                      ; "without any special action"
9     (CONST&PUSH 4)                      ; |No TRANSLATE property to alias.|
10    (CONST&PUSH 1)                      ; %ACOS
11    (CALL 3 5)                          ; CERROR
14    L14
14    (PUSH)
15    (CONST&PUSH 2)                      ; TRANSLATE
16    (CALL 3 6)                          ; PUTPROP
19    (SKIP&RET 1)


Wrote file binary-clisp/transf.fas
Wrote file /cygdrive/e/temp/maxima/src/transf.lis