Listing of compilation of file /cygdrive/e/temp/maxima/src/trdata.lisp
on 2002-12-17 13:33:59 by CLISP, version 2.30 (released 2002-09-15) (built 3249143430) (memory 3249145291)
Compiling file /cygdrive/e/temp/maxima/src/trdata.lisp ...

Disassembly of function #:|(IN-PACKAGE "MAXIMA")-1|
(CONST 0) = "MAXIMA"
(CONST 1) = *PACKAGE*
0 required arguments
0 optional arguments
No rest parameter
No keyword parameters
writes special variable : (*PACKAGE*)
4 byte-code instructions:
0     (CONST&PUSH 0)                      ; "MAXIMA"
1     (CALLS1 228)                        ; SYSTEM::%FIND-PACKAGE
3     (SETVALUE 1)                        ; *PACKAGE*
5     (SKIP&RET 1)


Disassembly of function #:|(MACSYMA-MODULE TRDATA)-2|
(CONST 0) = TRDATA
(CONST 1) = MACSYMA-MODULE
(CONST 2) = (RUNTIME)
0 required arguments
0 optional arguments
No rest parameter
No keyword parameters
5 byte-code instructions:
0     (CONST&PUSH 0)                      ; TRDATA
1     (CONST&PUSH 1)                      ; MACSYMA-MODULE
2     (CONST&PUSH 2)                      ; (RUNTIME)
3     (CALLS2 136)                        ; SYSTEM::%PUT
5     (SKIP&RET 1)


Disassembly of function #:|(TRANSL-MODULE TRDATA)-3|
(CONST 0) = COMMENT
0 required arguments
0 optional arguments
No rest parameter
No keyword parameters
2 byte-code instructions:
0     (CONST 0)                           ; COMMENT
1     (SKIP&RET 1)


Disassembly of function #:|(EVAL-WHEN (COMPILE) (SETQ *DEF%TR-PRODUCES-AUTOLOAD-FILE* NIL))-4|
0 required arguments
0 optional arguments
No rest parameter
No keyword parameters
2 byte-code instructions:
0     (NIL)
1     (SKIP&RET 1)


Disassembly of function #:|(DEF-AUTOLOAD-TRANSLATE $ROMBERG $INTERPOLATE)-5|
(CONST 0) = COMMENT
0 required arguments
0 optional arguments
No rest parameter
No keyword parameters
2 byte-code instructions:
0     (CONST 0)                           ; COMMENT
1     (SKIP&RET 1)


Disassembly of function #:|(EVAL-WHEN (LOAD) (MAPC #'# '#) ...)-6-1|
(CONST 0) = ($LENGTH $NTERMS RANDOM $NROOTS $RANK $POLYSIGN $TIME $ARRAY_DIMENSION_N)
(CONST 1) = X
(CONST 2) = $FIXNUM
(CONST 3) = FUNCTION-MODE
(CONST 4) = PUTPROP
0 required arguments
0 optional arguments
No rest parameter
No keyword parameters
reads special variable: (X)
19 byte-code instructions:
0     (CONST&PUSH 0)                      ; ($LENGTH $NTERMS RANDOM ...)
1     (JMP L20)
3     L3
3     (LOAD&CAR&PUSH 0)
5     (LOAD 0)
6     (BIND 1)                            ; X
8     (GETVALUE&PUSH 1)                   ; X
10    (CONST&PUSH 2)                      ; $FIXNUM
11    (CONST&PUSH 3)                      ; FUNCTION-MODE
12    (CALL 3 4)                          ; PUTPROP
15    (UNBIND1)
16    (SKIP 1)
18    (LOAD&CDR&STORE 0)
20    L20
20    (LOAD&PUSH 0)
21    (CALLS1&JMPIFNOT 146 L3)            ; ENDP
24    (SKIP 1)
26    (VALUES0)
27    (SKIP&RET 1)


Disassembly of function #:|(EVAL-WHEN (LOAD) (MAPC #'# '#) ...)-6-2|
(CONST 0) = ($ROMBERG_SUBR $INTERPOLATE_SUBR)
(CONST 1) = X
(CONST 2) = $FLOAT
(CONST 3) = FUNCTION-MODE
(CONST 4) = PUTPROP
0 required arguments
0 optional arguments
No rest parameter
No keyword parameters
reads special variable: (X)
19 byte-code instructions:
0     (CONST&PUSH 0)                      ; ($ROMBERG_SUBR $INTERPOLATE_SUBR)
1     (JMP L20)
3     L3
3     (LOAD&CAR&PUSH 0)
5     (LOAD 0)
6     (BIND 1)                            ; X
8     (GETVALUE&PUSH 1)                   ; X
10    (CONST&PUSH 2)                      ; $FLOAT
11    (CONST&PUSH 3)                      ; FUNCTION-MODE
12    (CALL 3 4)                          ; PUTPROP
15    (UNBIND1)
16    (SKIP 1)
18    (LOAD&CDR&STORE 0)
20    L20
20    (LOAD&PUSH 0)
21    (CALLS1&JMPIFNOT 146 L3)            ; ENDP
24    (SKIP 1)
26    (VALUES0)
27    (SKIP&RET 1)


Disassembly of function #:|(EVAL-WHEN (LOAD) (MAPC #'# '#) ...)-6-3|
(CONST 0) = 
($ARRAY $BFLOATP $LISTP $MATRIXP $RATNUMP $CONSTANTP $ATOM $FREEOF $SUBVARP
 $SYMBOLP $EVENP $ODDP $ORDERLESSP $ORDERGREATP $MAPATOM $INTEGERP $FLOATNUMP
 $NONSCALARP $NUMBERP $RATP $MEMBER $EMPTYP)
(CONST 1) = X
(CONST 2) = $BOOLEAN
(CONST 3) = FUNCTION-MODE
(CONST 4) = PUTPROP
0 required arguments
0 optional arguments
No rest parameter
No keyword parameters
reads special variable: (X)
19 byte-code instructions:
0     (CONST&PUSH 0)                      ; ($ARRAY $BFLOATP $LISTP ...)
1     (JMP L20)
3     L3
3     (LOAD&CAR&PUSH 0)
5     (LOAD 0)
6     (BIND 1)                            ; X
8     (GETVALUE&PUSH 1)                   ; X
10    (CONST&PUSH 2)                      ; $BOOLEAN
11    (CONST&PUSH 3)                      ; FUNCTION-MODE
12    (CALL 3 4)                          ; PUTPROP
15    (UNBIND1)
16    (SKIP 1)
18    (LOAD&CDR&STORE 0)
20    L20
20    (LOAD&PUSH 0)
21    (CALLS1&JMPIFNOT 146 L3)            ; ENDP
24    (SKIP 1)
26    (VALUES0)
27    (SKIP&RET 1)


Disassembly of function #:|(EVAL-WHEN (LOAD) (MAPC #'# '#) ...)-6-4|
(CONST 0) = 
($TRUE $FALSE $DOALLMXOPS $DOMXMXOPS $DOSCMXOPS $DETOUT $DOTASSOC $DOTDISTRIB
 $DOTSCRULES $EXPONENTIALIZE $KEEPFLOAT $LISTARITH $LOGSIMP $MAXAPPLYHEIGHT
 $MAXAPPLYDEPTH $MAPERROR $POWERDISP $SCALARMATRIX $SIMP $TTYOFF $UNDERFLOW
 $INFEVAL $XAXIS $YAXIS $RATFAC)
(CONST 1) = X
(CONST 2) = $BOOLEAN
(CONST 3) = MODE
(CONST 4) = PUTPROP
0 required arguments
0 optional arguments
No rest parameter
No keyword parameters
reads special variable: (X)
19 byte-code instructions:
0     (CONST&PUSH 0)                      ; ($TRUE $FALSE $DOALLMXOPS ...)
1     (JMP L20)
3     L3
3     (LOAD&CAR&PUSH 0)
5     (LOAD 0)
6     (BIND 1)                            ; X
8     (GETVALUE&PUSH 1)                   ; X
10    (CONST&PUSH 2)                      ; $BOOLEAN
11    (CONST&PUSH 3)                      ; MODE
12    (CALL 3 4)                          ; PUTPROP
15    (UNBIND1)
16    (SKIP 1)
18    (LOAD&CDR&STORE 0)
20    L20
20    (LOAD&PUSH 0)
21    (CALLS1&JMPIFNOT 146 L3)            ; ENDP
24    (SKIP 1)
26    (VALUES0)
27    (SKIP&RET 1)


Disassembly of function #:|(EVAL-WHEN (LOAD) (MAPC #'# '#) ...)-6-5|
(CONST 0) = 
(%LOG %SIN %COS %TAN %COT %CSC %SEC %ACOT %ASIN %ACOS %ACSC %ASEC %SINH %COSH
 %TANH %COTH %CSCH %SECH %ASINH %ACSCH %ERF)
(CONST 1) = X
(CONST 2) = STRIPDOLLAR
(CONST 3) = LISP-FUNCTION-TO-USE
(CONST 4) = PUTPROP
0 required arguments
0 optional arguments
No rest parameter
No keyword parameters
reads special variable: (X)
20 byte-code instructions:
0     (CONST&PUSH 0)                      ; (%LOG %SIN %COS %TAN %COT %CSC ...)
1     (JMP L23)
3     L3
3     (LOAD&CAR&PUSH 0)
5     (LOAD 0)
6     (BIND 1)                            ; X
8     (GETVALUE&PUSH 1)                   ; X
10    (GETVALUE&PUSH 1)                   ; X
12    (CALL1&PUSH 2)                      ; STRIPDOLLAR
14    (CONST&PUSH 3)                      ; LISP-FUNCTION-TO-USE
15    (CALL 3 4)                          ; PUTPROP
18    (UNBIND1)
19    (SKIP 1)
21    (LOAD&CDR&STORE 0)
23    L23
23    (LOAD&PUSH 0)
24    (CALLS1&JMPIFNOT 146 L3)            ; ENDP
27    (SKIP 1)
29    (VALUES0)
30    (SKIP&RET 1)


Disassembly of function #:|(EVAL-WHEN (LOAD) (MAPC #'# '#) ...)-6-6|
(CONST 0) = ($EVAL $DONE $%I $%PI $%E $%PHI $%GAMMA MQAPPLY)
(CONST 1) = X
(CONST 2) = IMPLIED-QUOTEP
(CONST 3) = PUTPROP
0 required arguments
0 optional arguments
No rest parameter
No keyword parameters
reads special variable: (X)
19 byte-code instructions:
0     (CONST&PUSH 0)                      ; ($EVAL $DONE $%I $%PI $%E ...)
1     (JMP L20)
3     L3
3     (LOAD&CAR&PUSH 0)
5     (LOAD 0)
6     (BIND 1)                            ; X
8     (GETVALUE&PUSH 1)                   ; X
10    (T&PUSH)
11    (CONST&PUSH 2)                      ; IMPLIED-QUOTEP
12    (CALL 3 3)                          ; PUTPROP
15    (UNBIND1)
16    (SKIP 1)
18    (LOAD&CDR&STORE 0)
20    L20
20    (LOAD&PUSH 0)
21    (CALLS1&JMPIFNOT 146 L3)            ; ENDP
24    (SKIP 1)
26    (VALUES0)
27    (SKIP&RET 1)


Disassembly of function #:|(EVAL-WHEN (LOAD) (MAPC #'# '#) ...)-6-7|
(CONST 0) = 
($PRINT $NUM $DENOM $LHS $RHS $PART $CONS $REVERSE $ENDCONS $APPEND $UNION
 $INTERSECTION $SETDIFF $SYMDIFF $MAPSET $PREDSET ${ $ELEMENTOF)
(CONST 1) = L
(CONST 2) = TR-NOSIMP
(CONST 3) = PUTPROP
0 required arguments
0 optional arguments
No rest parameter
No keyword parameters
reads special variable: (L)
19 byte-code instructions:
0     (CONST&PUSH 0)                      ; ($PRINT $NUM $DENOM $LHS $RHS ...)
1     (JMP L20)
3     L3
3     (LOAD&CAR&PUSH 0)
5     (LOAD 0)
6     (BIND 1)                            ; L
8     (GETVALUE&PUSH 1)                   ; L
10    (T&PUSH)
11    (CONST&PUSH 2)                      ; TR-NOSIMP
12    (CALL 3 3)                          ; PUTPROP
15    (UNBIND1)
16    (SKIP 1)
18    (LOAD&CDR&STORE 0)
20    L20
20    (LOAD&PUSH 0)
21    (CALLS1&JMPIFNOT 146 L3)            ; ENDP
24    (SKIP 1)
26    (VALUES0)
27    (SKIP&RET 1)


Disassembly of function #:|(EVAL-WHEN (LOAD) (MAPC #'# '#) ...)-6-8|
(CONST 0) = $REALPART
(CONST 1) = LISP-FUNCTION-TO-USE
0 required arguments
0 optional arguments
No rest parameter
No keyword parameters
6 byte-code instructions:
0     (CONST&PUSH 0)                      ; $REALPART
1     (CONST&PUSH 1)                      ; LISP-FUNCTION-TO-USE
2     (CONST&PUSH 0)                      ; $REALPART
3     (CALLS2 136)                        ; SYSTEM::%PUT
5     (VALUES0)
6     (SKIP&RET 1)


Disassembly of function #:|(EVAL-WHEN (LOAD) (MAPC #'# '#) ...)-6-9|
(CONST 0) = 
(TRANSS TRANSL TRUTIL TRANS1 TRANS2 TRANS3 TRANS4 TRANS5 TRANSF TROPER TRPRED
 MTAGS MDEFUN TRANSQ FCALL ACALL TRDATA MCOMPI TRMODE TRHOOK)
(CONST 1) = TRANSL-MODULES
0 required arguments
0 optional arguments
No rest parameter
No keyword parameters
writes special variable : (TRANSL-MODULES)
3 byte-code instructions:
0     (CONST 0)                           ; (TRANSS TRANSL TRUTIL TRANS1 ...)
1     (SETVALUE 1)                        ; TRANSL-MODULES
3     (SKIP&RET 1)


Wrote file binary-clisp/trdata.fas
Wrote file /cygdrive/e/temp/maxima/src/trdata.lis