Listing of compilation of file /cygdrive/e/temp/maxima/src/trprop.lisp
on 2002-12-17 13:34:02 by CLISP, version 2.30 (released 2002-09-15) (built 3249143430) (memory 3249145291)
Compiling file /cygdrive/e/temp/maxima/src/trprop.lisp ...

Disassembly of function #:|(IN-PACKAGE "MAXIMA")-1|
(CONST 0) = "MAXIMA"
(CONST 1) = *PACKAGE*
0 required arguments
0 optional arguments
No rest parameter
No keyword parameters
writes special variable : (*PACKAGE*)
4 byte-code instructions:
0     (CONST&PUSH 0)                      ; "MAXIMA"
1     (CALLS1 228)                        ; SYSTEM::%FIND-PACKAGE
3     (SETVALUE 1)                        ; *PACKAGE*
5     (SKIP&RET 1)


Disassembly of function #:|(MACSYMA-MODULE TRPROP)-2|
(CONST 0) = TRPROP
(CONST 1) = MACSYMA-MODULE
(CONST 2) = (RUNTIME)
0 required arguments
0 optional arguments
No rest parameter
No keyword parameters
5 byte-code instructions:
0     (CONST&PUSH 0)                      ; TRPROP
1     (CONST&PUSH 1)                      ; MACSYMA-MODULE
2     (CONST&PUSH 2)                      ; (RUNTIME)
3     (CALLS2 136)                        ; SYSTEM::%PUT
5     (SKIP&RET 1)


Disassembly of function #:|(DEFMVAR META-PROP-P NIL)-3-1|
(CONST 0) = META-PROP-P
(CONST 1) = *VARIABLE-INITIAL-VALUES*
0 required arguments
0 optional arguments
No rest parameter
No keyword parameters
reads special variable: (*VARIABLE-INITIAL-VALUES*)
13 byte-code instructions:
0     (CONST&PUSH 0)                      ; META-PROP-P
1     (GETVALUE&PUSH 1)                   ; *VARIABLE-INITIAL-VALUES*
3     (PUSH-UNBOUND 1)
5     (CALLS1&JMPIF 99 L17)               ; GETHASH
8     (GETVALUE&PUSH 1)                   ; *VARIABLE-INITIAL-VALUES*
10    (CONST&PUSH 0)                      ; META-PROP-P
11    (LOAD&PUSH 1)
12    (NIL&PUSH)
13    (CALLS1 100)                        ; SYSTEM::PUTHASH
15    (SKIP 1)
17    L17
17    (VALUES0)
18    (SKIP&RET 1)


Disassembly of function #:|(DEFMVAR META-PROP-P NIL)-3-2|
(CONST 0) = (SPECIAL META-PROP-P)
(CONST 1) = META-PROP-P
0 required arguments
0 optional arguments
No rest parameter
No keyword parameters
10 byte-code instructions:
0     (CONST&PUSH 0)                      ; (SPECIAL META-PROP-P)
1     (CALLS1 90)                         ; PROCLAIM
3     (CONST&PUSH 1)                      ; META-PROP-P
4     (CALLS1&JMPIF 79 L11)               ; BOUNDP
7     (CONST&PUSH 1)                      ; META-PROP-P
8     (NIL&PUSH)
9     (CALLS1 82)                         ; SYSTEM::SET-SYMBOL-VALUE
11    L11
11    (CONST 1)                           ; META-PROP-P
12    (SKIP&RET 1)


Disassembly of function #:|(DEFMVAR META-PROP-L NIL)-4-1|
(CONST 0) = META-PROP-L
(CONST 1) = *VARIABLE-INITIAL-VALUES*
0 required arguments
0 optional arguments
No rest parameter
No keyword parameters
reads special variable: (*VARIABLE-INITIAL-VALUES*)
13 byte-code instructions:
0     (CONST&PUSH 0)                      ; META-PROP-L
1     (GETVALUE&PUSH 1)                   ; *VARIABLE-INITIAL-VALUES*
3     (PUSH-UNBOUND 1)
5     (CALLS1&JMPIF 99 L17)               ; GETHASH
8     (GETVALUE&PUSH 1)                   ; *VARIABLE-INITIAL-VALUES*
10    (CONST&PUSH 0)                      ; META-PROP-L
11    (LOAD&PUSH 1)
12    (NIL&PUSH)
13    (CALLS1 100)                        ; SYSTEM::PUTHASH
15    (SKIP 1)
17    L17
17    (VALUES0)
18    (SKIP&RET 1)


Disassembly of function #:|(DEFMVAR META-PROP-L NIL)-4-2|
(CONST 0) = (SPECIAL META-PROP-L)
(CONST 1) = META-PROP-L
0 required arguments
0 optional arguments
No rest parameter
No keyword parameters
10 byte-code instructions:
0     (CONST&PUSH 0)                      ; (SPECIAL META-PROP-L)
1     (CALLS1 90)                         ; PROCLAIM
3     (CONST&PUSH 1)                      ; META-PROP-L
4     (CALLS1&JMPIF 79 L11)               ; BOUNDP
7     (CONST&PUSH 1)                      ; META-PROP-L
8     (NIL&PUSH)
9     (CALLS1 82)                         ; SYSTEM::SET-SYMBOL-VALUE
11    L11
11    (CONST 1)                           ; META-PROP-L
12    (SKIP&RET 1)


Disassembly of function #:|(DEFUN META-OUTPUT (FORM) ...)-5|
(CONST 0) = META-OUTPUT
(CONST 1) = SYSTEM::REMOVE-OLD-DEFINITIONS
(CONST 2) = #<COMPILED-CLOSURE META-OUTPUT>
0 required arguments
0 optional arguments
No rest parameter
No keyword parameters
7 byte-code instructions:
0     (CONST&PUSH 0)                      ; META-OUTPUT
1     (CALL1 1)                           ; SYSTEM::REMOVE-OLD-DEFINITIONS
3     (CONST&PUSH 0)                      ; META-OUTPUT
4     (CONST&PUSH 2)                      ; #<COMPILED-CLOSURE META-OUTPUT>
5     (CALLS2 130)                        ; SYSTEM::%PUTD
7     (CONST 0)                           ; META-OUTPUT
8     (SKIP&RET 1)


Disassembly of function META-OUTPUT
(CONST 0) = FORM
(CONST 1) = *IN-TRANSLATE-FILE*
(CONST 2) = META-PROP-L
1 required argument
0 optional arguments
No rest parameter
No keyword parameters
reads special variables: (META-PROP-L FORM *IN-TRANSLATE-FILE*)
writes special variable : (META-PROP-L)
13 byte-code instructions:
0     (LOAD 1)
1     (BIND 0)                            ; FORM
3     (GETVALUE 1)                        ; *IN-TRANSLATE-FILE*
5     (JMPIFNOT L14)
7     (GETVALUE&PUSH 0)                   ; FORM
9     (GETVALUE 2)                        ; META-PROP-L
11    (CONS)
12    (SETVALUE 2)                        ; META-PROP-L
14    L14
14    (GETVALUE&PUSH 0)                   ; FORM
16    (CALLS1 91)                         ; EVAL
18    (UNBIND1)
19    (SKIP&RET 2)


Disassembly of function #:|(DEFMFUN META-ADD2LNC (ITEM SSYMBOL) ...)-6|
(CONST 0) = META-ADD2LNC
(CONST 1) = SYSTEM::REMOVE-OLD-DEFINITIONS
(CONST 2) = #<COMPILED-CLOSURE META-ADD2LNC>
0 required arguments
0 optional arguments
No rest parameter
No keyword parameters
7 byte-code instructions:
0     (CONST&PUSH 0)                      ; META-ADD2LNC
1     (CALL1 1)                           ; SYSTEM::REMOVE-OLD-DEFINITIONS
3     (CONST&PUSH 0)                      ; META-ADD2LNC
4     (CONST&PUSH 2)                      ; #<COMPILED-CLOSURE META-ADD2LNC>
5     (CALLS2 130)                        ; SYSTEM::%PUTD
7     (CONST 0)                           ; META-ADD2LNC
8     (SKIP&RET 1)


Disassembly of function META-ADD2LNC
(CONST 0) = META-PROP-P
(CONST 1) = ADD2LNC
(CONST 2) = QUOTE
(CONST 3) = META-OUTPUT
2 required arguments
0 optional arguments
No rest parameter
No keyword parameters
reads special variable: (META-PROP-P)
16 byte-code instructions:
0     (GETVALUE 0)                        ; META-PROP-P
2     (JMPIF L12)
4     (LOAD&PUSH 2)
5     (LOAD&PUSH 2)
6     (CALLS1&PUSH 78)                    ; SYMBOL-VALUE
8     (CALL2 1)                           ; ADD2LNC
10    (SKIP&RET 3)
12    L12
12    (CONST&PUSH 1)                      ; ADD2LNC
13    (CONST&PUSH 2)                      ; QUOTE
14    (LOAD&PUSH 4)
15    (LIST&PUSH 2)
17    (LOAD&PUSH 3)
18    (LIST&PUSH 3)
20    (CALL1 3)                           ; META-OUTPUT
22    (SKIP&RET 3)


Disassembly of function #:|(DEFMFUN META-PUTPROP (SSYMBOL ITEM KEY) ...)-7|
(CONST 0) = META-PUTPROP
(CONST 1) = SYSTEM::REMOVE-OLD-DEFINITIONS
(CONST 2) = #<COMPILED-CLOSURE META-PUTPROP>
0 required arguments
0 optional arguments
No rest parameter
No keyword parameters
7 byte-code instructions:
0     (CONST&PUSH 0)                      ; META-PUTPROP
1     (CALL1 1)                           ; SYSTEM::REMOVE-OLD-DEFINITIONS
3     (CONST&PUSH 0)                      ; META-PUTPROP
4     (CONST&PUSH 2)                      ; #<COMPILED-CLOSURE META-PUTPROP>
5     (CALLS2 130)                        ; SYSTEM::%PUTD
7     (CONST 0)                           ; META-PUTPROP
8     (SKIP&RET 1)


Disassembly of function META-PUTPROP
(CONST 0) = META-PROP-P
(CONST 1) = DEFPROP
(CONST 2) = META-OUTPUT
(CONST 3) = PUTPROP
3 required arguments
0 optional arguments
No rest parameter
No keyword parameters
reads special variable: (META-PROP-P)
17 byte-code instructions:
0     (GETVALUE 0)                        ; META-PROP-P
2     (JMPIF L12)
4     (LOAD&PUSH 3)
5     (LOAD&PUSH 3)
6     (LOAD&PUSH 3)
7     (CALL 3 3)                          ; PUTPROP
10    (SKIP&RET 4)
12    L12
12    (LOAD&PUSH 2)
13    (CONST&PUSH 1)                      ; DEFPROP
14    (LOAD&PUSH 5)
15    (LOAD&PUSH 5)
16    (LOAD&PUSH 5)
17    (LIST&PUSH 4)
19    (CALL1 2)                           ; META-OUTPUT
21    (POP)
22    (SKIP&RET 4)


Disassembly of function #:|(DEFMFUN META-MPUTPROP (SSYMBOL ITEM KEY) ...)-8|
(CONST 0) = META-MPUTPROP
(CONST 1) = SYSTEM::REMOVE-OLD-DEFINITIONS
(CONST 2) = #<COMPILED-CLOSURE META-MPUTPROP>
0 required arguments
0 optional arguments
No rest parameter
No keyword parameters
7 byte-code instructions:
0     (CONST&PUSH 0)                      ; META-MPUTPROP
1     (CALL1 1)                           ; SYSTEM::REMOVE-OLD-DEFINITIONS
3     (CONST&PUSH 0)                      ; META-MPUTPROP
4     (CONST&PUSH 2)                      ; #<COMPILED-CLOSURE META-MPUTPROP>
5     (CALLS2 130)                        ; SYSTEM::%PUTD
7     (CONST 0)                           ; META-MPUTPROP
8     (SKIP&RET 1)


Disassembly of function META-MPUTPROP
(CONST 0) = META-PROP-P
(CONST 1) = MDEFPROP
(CONST 2) = META-OUTPUT
(CONST 3) = MPUTPROP
3 required arguments
0 optional arguments
No rest parameter
No keyword parameters
reads special variable: (META-PROP-P)
17 byte-code instructions:
0     (GETVALUE 0)                        ; META-PROP-P
2     (JMPIF L12)
4     (LOAD&PUSH 3)
5     (LOAD&PUSH 3)
6     (LOAD&PUSH 3)
7     (CALL 3 3)                          ; MPUTPROP
10    (SKIP&RET 4)
12    L12
12    (LOAD&PUSH 2)
13    (CONST&PUSH 1)                      ; MDEFPROP
14    (LOAD&PUSH 5)
15    (LOAD&PUSH 5)
16    (LOAD&PUSH 5)
17    (LIST&PUSH 4)
19    (CALL1 2)                           ; META-OUTPUT
21    (POP)
22    (SKIP&RET 4)


Disassembly of function #:|(DEFMFUN META-FSET (SSYMBOL DEFINITION) ...)-9|
(CONST 0) = META-FSET
(CONST 1) = SYSTEM::REMOVE-OLD-DEFINITIONS
(CONST 2) = #<COMPILED-CLOSURE META-FSET>
0 required arguments
0 optional arguments
No rest parameter
No keyword parameters
7 byte-code instructions:
0     (CONST&PUSH 0)                      ; META-FSET
1     (CALL1 1)                           ; SYSTEM::REMOVE-OLD-DEFINITIONS
3     (CONST&PUSH 0)                      ; META-FSET
4     (CONST&PUSH 2)                      ; #<COMPILED-CLOSURE META-FSET>
5     (CALLS2 130)                        ; SYSTEM::%PUTD
7     (CONST 0)                           ; META-FSET
8     (SKIP&RET 1)


Disassembly of function META-FSET
(CONST 0) = META-PROP-P
(CONST 1) = FSET
(CONST 2) = QUOTE
(CONST 3) = COERCE
(CONST 4) = ('FUNCTION)
(CONST 5) = META-OUTPUT
(CONST 6) = FUNCTION
2 required arguments
0 optional arguments
No rest parameter
No keyword parameters
reads special variable: (META-PROP-P)
24 byte-code instructions:
0     (GETVALUE 0)                        ; META-PROP-P
2     (JMPIF L13)
4     (LOAD&PUSH 2)
5     (LOAD&PUSH 2)
6     (CONST&PUSH 6)                      ; FUNCTION
7     (CALLS2&PUSH 42)                    ; COERCE
9     (CALL2 1)                           ; FSET
11    (SKIP&RET 3)
13    L13
13    (LOAD&PUSH 1)
14    (CONST&PUSH 1)                      ; FSET
15    (CONST&PUSH 2)                      ; QUOTE
16    (LOAD&PUSH 5)
17    (LIST&PUSH 2)
19    (CONST&PUSH 3)                      ; COERCE
20    (CONST&PUSH 2)                      ; QUOTE
21    (LOAD&PUSH 6)
22    (LIST&PUSH 2)
24    (CONST 4)                           ; ('FUNCTION)
25    (LIST*&PUSH 2)
27    (LIST&PUSH 3)
29    (CALL1 5)                           ; META-OUTPUT
31    (POP)
32    (SKIP&RET 3)


Wrote file binary-clisp/trprop.fas
Wrote file /cygdrive/e/temp/maxima/src/trprop.lis