

; 
; 
; File: /home/toy/src/sourceforge/maxima-code/share/fftpack5/lisp/msntb1.lisp

; In: DEFUN MSNTB1

;   (F2CL-LIB:FDO (M 1 #) (# NIL) (TAGBODY # # # LABEL125))
; --> PROG* BLOCK LET* MAX LET LET MAX VALUES PROG1 LET THE THE TRUNCATE THE + 
; --> THE - 
; ==>
;   LJ
; Note: Deleting unreachable code.
; 
;   (TAGBODY (SETF M1 #) (SETF # #) (SETF # #) LABEL125)
; Note: Deleting unreachable code.
; 
;   (F2CL-LIB:INT-ADD M JUMP)
; --> THE + 
; ==>
;   M
; Note: Deleting unreachable code.
; 
;   (F2CL-LIB:FDO (I 3 #) (# NIL) (TAGBODY # # LABEL105))
; --> PROG* BLOCK LET* MAX LET LET MAX VALUES PROG1 LET THE THE TRUNCATE THE + 
; --> THE - 
; ==>
;   N
; Note: Deleting unreachable code.
; 
;   (TAGBODY (SETF M1 0) (F2CL-LIB:FDO # # #) LABEL105)
; Note: Deleting unreachable code.
; 
;   (TAGBODY (SETF M1 #) (SETF # #) (SETF # #) (SETF # #) ...)
; Note: Deleting unreachable code.
; 
;   (F2CL-LIB:INT-ADD M JUMP)
; --> THE + 
; ==>
;   M
; Note: Deleting unreachable code.
; 
;   (F2CL-LIB:INT-ADD I 2)
; --> THE + 
; ==>
;   I
; Note: Deleting unreachable code.
; 
;   (/= MODN 0)
; --> IF = 
; ==>
;   MODN
; Note: Deleting unreachable code.
; 
;   (F2CL-LIB:FDO (M 1 #) (# NIL) (TAGBODY # # LABEL116))
; --> PROG* BLOCK LET* MAX LET LET MAX VALUES PROG1 LET THE THE TRUNCATE THE + 
; --> THE - 
; ==>
;   LJ
; Note: Deleting unreachable code.
; 
;   (TAGBODY (SETF M1 #) (SETF # #) LABEL116)
; Note: Deleting unreachable code.
; 
;   (F2CL-LIB:INT-ADD M JUMP)
; --> THE + 
; ==>
;   M
; Note: Deleting unreachable code.
; 