This is TeX, Version 3.14159 (Web2C 7.3.1) (format=latex 2000.7.19)  10 MAR 2002 15:25
**odes.tex
(odes.tex
LaTeX2e <1999/12/01> patch level 1
Babel <v3.6Z> and hyphenation patterns for american, french, german, ngerman, i
talian, nohyphenation, loaded.
(/usr/share/texmf/tex/latex/base/article.cls
Document Class: article 1999/09/10 v1.4a Standard LaTeX document class
(/usr/share/texmf/tex/latex/base/size10.clo
File: size10.clo 1999/09/10 v1.4a Standard LaTeX file (size option)
)
\c@part=\count79
\c@section=\count80
\c@subsection=\count81
\c@subsubsection=\count82
\c@paragraph=\count83
\c@subparagraph=\count84
\c@figure=\count85
\c@table=\count86
\abovecaptionskip=\skip41
\belowcaptionskip=\skip42
\bibindent=\dimen102
)
(/usr/share/texmf/tex/latex/base/emaxima.sty
\premaximaspace=\dimen103
\postmaximaspace=\dimen104
\maximainputbaselineskip=\dimen105
\maximaoutputbaselineskip=\dimen106
\premaximasessionspace=\dimen107
\postmaximasessionspace=\dimen108
\maximasessionbaselineskip=\dimen109
\maximatexsessionbaselineskip=\dimen110

(/usr/share/texmf/tex/latex/graphics/color.sty
Package: color 1999/02/16 v1.0i Standard LaTeX Color (DPC)

(/usr/share/texmf/tex/latex/config/color.cfg)
Package color Info: Driver file: dvips.def on input line 125.

(/usr/share/texmf/tex/latex/graphics/dvips.def
File: dvips.def 1999/02/16 v3.0i Driver-dependant file (DPC,SPQR)
)
(/usr/share/texmf/tex/latex/graphics/dvipsnam.def
File: dvipsnam.def 1999/02/16 v3.0i Driver-dependant file (DPC,SPQR)
))
\in@tmaxima=\dimen111
)
No file odes.aux.
\openout1 = `odes.aux'.

LaTeX Font Info:    Checking defaults for OML/cmm/m/it on input line 4.
LaTeX Font Info:    ... okay on input line 4.
LaTeX Font Info:    Checking defaults for T1/cmr/m/n on input line 4.
LaTeX Font Info:    ... okay on input line 4.
LaTeX Font Info:    Checking defaults for OT1/cmr/m/n on input line 4.
LaTeX Font Info:    ... okay on input line 4.
LaTeX Font Info:    Checking defaults for OMS/cmsy/m/n on input line 4.
LaTeX Font Info:    ... okay on input line 4.
LaTeX Font Info:    Checking defaults for OMX/cmex/m/n on input line 4.
LaTeX Font Info:    ... okay on input line 4.
LaTeX Font Info:    Checking defaults for U/cmr/m/n on input line 4.
LaTeX Font Info:    ... okay on input line 4.
LaTeX Font Info:    External font `cmex10' loaded for size
(Font)              <7> on input line 10.
LaTeX Font Info:    External font `cmex10' loaded for size
(Font)              <5> on input line 10.

Overfull \hbox (11.24702pt too wide) in paragraph at lines 67--67
[]\OT1/cmtt/m/n/10 (D4)          f(x) = ---------------------------------- + x 
+ %K2 
 []

[1

] [2]
Overfull \hbox (21.74693pt too wide) in paragraph at lines 194--194
[]            \OT1/cmtt/m/n/10 g(x) = %E  (-- (g(x))!     ) - -- (g(x))!      +
 COS(x)
 []

[3] (odes.aux) ) 
Here is how much of TeX's memory you used:
 584 strings out of 20898
 7682 string characters out of 196686
 52028 words of memory out of 350001
 3573 multiletter control sequences out of 10000+15000
 4581 words of font info for 18 fonts, out of 400000 for 1000
 14 hyphenation exceptions out of 1000
 23i,6n,17p,182b,207s stack positions out of 1500i,100n,500p,50000b,4000s

Output written on odes.dvi (3 pages, 6444 bytes).
