This is TeX, Version 3.14159 (C version 6.1) (format=tex 96.9.26)  10 DEC 1998 15:43
**maxima.texi
(maxima.texi
Hyphenation patterns for english, german, loaded.
(texinfo.tex Loading texinfo package [Version 2.137/K]: Basics,
\bindingoffset=\dimen16
\normaloffset=\dimen17
\pagewidth=\dimen18
\pageheight=\dimen19
\cornerlong=\dimen20
\cornerthick=\dimen21
\topandbottommargin=\dimen22
\outerhsize=\dimen23
\outervsize=\dimen24
\margin=\insert252
\EMsimple=\toks13
\singlespaceskip=\skip18
\groupinvalidhelp=\toks14
\mil=\dimen25
\exdentamount=\skip19
 fonts,
\sffam=\fam8
\fontdepth=\count26

page headings,
\titlepagetopglue=\skip20
\titlepagebottomglue=\skip21
\evenheadline=\toks15
\oddheadline=\toks16
\evenfootline=\toks17
\oddfootline=\toks18
 tables,
\tableindent=\dimen26
\itemindent=\dimen27
\itemmargin=\dimen28
\itemmax=\dimen29
\itemno=\count27
\intableparskip=\dimen30
\intableparindent=\dimen31
\spacebetweencols=\dimen32
\spacebetweenlines=\dimen33
\colcount=\count28
 indexing,
\initialskipamount=\skip22
\secondaryindent=\skip23
\partialpage=\box16
\doublecolumnhsize=\dimen34
 sectioning,
\chapno=\count29
\secno=\count30
\subsecno=\count31
\subsubsecno=\count32
\appendixno=\count33
\contentsfile=\write0
\absseclevel=\count34
\secbase=\count35
\chapheadingskip=\skip24
\subsecheadingskip=\skip25
\secheadingskip=\skip26
 toc printing,
\contentsrightmargin=\skip27
\shortappendixwidth=\dimen35
\tocindent=\dimen36
 environments,
\dblarrowbox=\box17
\longdblarrowbox=\box18
\pushcharbox=\box19
\bullbox=\box20
\equivbox=\box21
\errorbox=\box22
\lispnarrowing=\skip28
\envskipamount=\skip29
\circthick=\dimen37
\cartouter=\dimen38
\cartinner=\dimen39
\normbskip=\skip30
\normpskip=\skip31
\normlskip=\skip32
\lskip=\skip33
\rskip=\skip34

defuns,
\defbodyindent=\skip35
\defargsindent=\skip36
\deftypemargin=\skip37
\deflastargmargin=\skip38
\parencount=\count36
 cross reference,
\auxfile=\write1
\footnoteno=\count37
 and turning on texinfo input format.
\defaultparindent=\dimen40
) (maxima.aux)
@cpindfile=@write2
@fnindfile=@write3
@vrindfile=@write4
@tpindfile=@write5
@kyindfile=@write6
@pgindfile=@write7

[1] () <opening Lists.texi> (Lists.texi Chapter1 [1] [2] [3] [4])
<closing Lists.texi> <opening Differentiation.texi> (Differentiation.texi
Chapter2 [5] [6] [7] [8] [9] [10] [11]) <closing Differentiation.texi>
<opening Integration.texi> (Integration.texi Chapter3 [12] [13]
Overfull \hbox (0.79964pt too wide) in paragraph at lines 128--131
 @textrm bolic meth-ods, if you wish to use a nu-mer-i-cal method try ROMBERG(e
xp,var,low,high).  |

@hbox(8.2125+2.73749)x469.75499, glue set - 1.0
.@glue(@leftskip) 28.90755
.@textrm b
.@kern0.30417
.@textrm o
.@textrm l
.etc.

[14] [15] [16] [17] [18] [19] [20]) <closing Integration.texi>
<opening Polynomials.texi> (Polynomials.texi Chapter4 [21] [22] [23] [24]
[25] [26] [27] [28] [29] [30] [31] [32] [33] [34]) <closing Polynomials.texi>
<opening Simplification.texi> (Simplification.texi Chapter5 [35] [36] [37]
[38] [39] [40] [41] [42]) <closing Simplification.texi>
<opening Expressions.texi> (Expressions.texi Chapter6 [43] [44] [45] [46]
[47] [48] [49] [50] [51] [52] [53] [54] [55]) <closing Expressions.texi>
<opening Function.texi> (Function.texi Chapter7 [56] [57] [58] [59] [60]
[61] [62] [63] [64] [65] [66] [67] [68]) <closing Function.texi>
<opening Input.texi> (Input.texi Chapter8 [69] [70] [71] [72] [73] [74]
[75] [76] [77] [78] [79] [80] [81] [82]) <closing Input.texi>
<opening Program.texi> (Program.texi Chapter9 [83] [84] [85] [86] [87] [88]
[89] [90]) <closing Program.texi> <opening Plotting.texi> (Plotting.texi
Chapter10 [91] [92] [93] [94] [95]) <closing Plotting.texi>
<opening Floating.texi> (Floating.texi Chapter11 [96] [97])
<closing Floating.texi> <opening Numerical.texi> (Numerical.texi Chapter12
[98] [99] [100] [101] [102] [103] [104]) <closing Numerical.texi>
<opening Trigonometric.texi> (Trigonometric.texi Chapter13 [105] [106] [107]
[108] [109] [110]) <closing Trigonometric.texi> <opening Equations.texi>
(Equations.texi Chapter14 [111] [112] [113] [114] [115] [116] [117] [118])
<closing Equations.texi> <opening Arrays.texi> (Arrays.texi Chapter15 [119]
[120] [121] [122]) <closing Arrays.texi> <opening Series.texi> (Series.texi
Chapter16 [123] [124] [125] [126] [127] [128] [129]) <closing Series.texi>
<opening Symmetries.texi> (Symmetries.texi Chapter17 [130] [131] [132] [133]
[134] [135] [136] [137] [138] [139] [140] [141] [142] [143] [144] [145]
[146] [147]) <closing Symmetries.texi> <opening Groups.texi> (Groups.texi
Chapter18 [148] [149]) <closing Groups.texi> <opening Operators.texi>
(Operators.texi Chapter19 [150] [151] [152] [153] [154] [155] [156] [157]
[158]) <closing Operators.texi> <opening Constants.texi> (Constants.texi
Chapter20 [159] [160]) <closing Constants.texi> <opening Special.texi>
(Special.texi Chapter21 [161] [162] [163] [164] [165]) <closing Special.texi>
<opening Command.texi> (Command.texi Chapter22 [166] [167] [168] [169] [170]
[171] [172]) <closing Command.texi> <opening Contexts.texi> (Contexts.texi
Chapter23 [173] [174] [175] [176]) <closing Contexts.texi>
<opening Matrices.texi> (Matrices.texi Chapter24 [177] [178] [179] [180]
[181] [182] [183] [184] [185] [186] [187]) <closing Matrices.texi>
<opening Runtime.texi> (Runtime.texi Chapter25 [188] [189] [190])
<closing Runtime.texi> <opening Miscellaneous.texi> (Miscellaneous.texi
Chapter26 [191] [192] [193] [194] [195]) <closing Miscellaneous.texi>
<opening Rules.texi> (Rules.texi Chapter27 [196] [197] [198] [199] [200]
[201]) <closing Rules.texi> <opening Number.texi> (Number.texi Chapter28
[202] [203] [204] [205]) <closing Number.texi> <opening Help.texi> (Help.texi
Chapter29 [206] [207] [208]) <closing Help.texi> <opening Differential.texi>
(Differential.texi Chapter30 [209] [210] [211] [212])
<closing Differential.texi> <opening Statistics.texi> (Statistics.texi
Chapter31 [213] [214]) <closing Statistics.texi> <opening Limits.texi>
(Limits.texi Chapter32 [215] [216]) <closing Limits.texi>
<opening Logarithms.texi> (Logarithms.texi Chapter33 [217] [218] [219])
<closing Logarithms.texi> <opening Debugging.texi> (Debugging.texi Chapter34
[220] [221]) <closing Debugging.texi> <opening Affine.texi> (Affine.texi
Chapter35 [222] [223] [224]) <closing Affine.texi> <opening Tensor.texi>
(Tensor.texi Chapter36 [225] [226] [227] [228] [229]) <closing Tensor.texi>
<opening Ctensor.texi> (Ctensor.texi Chapter37 [230] [231] [232] [233])
<closing Ctensor.texi> <opening Indices.texi> (Indices.texi Appendix @char 65
[234] (maxima.fns [235] [236] [237] [238] [239] [240] [241] [242] [243]
[244])) <closing Indices.texi> [245] [246] (maxima.toc) [-1] [-2] (maxima.toc
[-3] [-4] [-5]) [-6] ) 
Here is how much of TeX's memory you used:
 1396 strings out of 12938
 18984 string characters out of 94873
 48840 words of memory out of 262141
 2234 multiletter control sequences out of 9500
 26608 words of font info for 90 fonts, out of 150000 for 255
 18 hyphenation exceptions out of 607
 16i,5n,13p,247b,375s stack positions out of 300i,40n,60p,3000b,4000s

Output written on maxima.dvi (253 pages, 1006184 bytes).
